{"C:\\Users\\safro\\Documents\\4 курс 1 сем\\Песковацков\\web-programming-course-main\\web-programming-course-main\\lessons\\lr7\\quiz-backend\\src\\app.ts": {"path":"C:\\Users\\safro\\Documents\\4 курс 1 сем\\Песковацков\\web-programming-course-main\\web-programming-course-main\\lessons\\lr7\\quiz-backend\\src\\app.ts","statementMap":{"0":{"start":{"line":9,"column":19},"end":{"line":9,"column":null}},"1":{"start":{"line":12,"column":0},"end":{"line":12,"column":null}},"2":{"start":{"line":13,"column":0},"end":{"line":13,"column":null}},"3":{"start":{"line":16,"column":0},"end":{"line":16,"column":null}},"4":{"start":{"line":17,"column":0},"end":{"line":17,"column":null}},"5":{"start":{"line":18,"column":0},"end":{"line":18,"column":null}},"6":{"start":{"line":19,"column":0},"end":{"line":19,"column":null}},"7":{"start":{"line":22,"column":0},"end":{"line":25,"column":null}},"8":{"start":{"line":22,"column":26},"end":{"line":25,"column":2}},"9":{"start":{"line":28,"column":0},"end":{"line":31,"column":null}},"10":{"start":{"line":29,"column":4},"end":{"line":29,"column":null}},"11":{"start":{"line":30,"column":4},"end":{"line":30,"column":null}},"12":{"start":{"line":34,"column":0},"end":{"line":36,"column":null}},"13":{"start":{"line":35,"column":4},"end":{"line":35,"column":null}}},"fnMap":{"0":{"name":"(anonymous_0)","decl":{"start":{"line":22,"column":19},"end":{"line":22,"column":20}},"loc":{"start":{"line":22,"column":26},"end":{"line":25,"column":2}},"line":22},"1":{"name":"(anonymous_1)","decl":{"start":{"line":28,"column":12},"end":{"line":28,"column":13}},"loc":{"start":{"line":28,"column":24},"end":{"line":31,"column":1}},"line":28},"2":{"name":"(anonymous_2)","decl":{"start":{"line":34,"column":13},"end":{"line":34,"column":14}},"loc":{"start":{"line":34,"column":20},"end":{"line":36,"column":1}},"line":34}},"branchMap":{},"s":{"0":2,"1":2,"2":2,"3":2,"4":2,"5":2,"6":2,"7":2,"8":0,"9":2,"10":0,"11":0,"12":2,"13":0},"f":{"0":0,"1":0,"2":0},"b":{},"meta":{"lastBranch":0,"lastFunction":3,"lastStatement":14,"seen":{"s:9:19:9:Infinity":0,"s:12:0:12:Infinity":1,"s:13:0:13:Infinity":2,"s:16:0:16:Infinity":3,"s:17:0:17:Infinity":4,"s:18:0:18:Infinity":5,"s:19:0:19:Infinity":6,"s:22:0:25:Infinity":7,"f:22:19:22:20":0,"s:22:26:25:2":8,"s:28:0:31:Infinity":9,"f:28:12:28:13":1,"s:29:4:29:Infinity":10,"s:30:4:30:Infinity":11,"s:34:0:36:Infinity":12,"f:34:13:34:14":2,"s:35:4:35:Infinity":13}}}
,"C:\\Users\\safro\\Documents\\4 курс 1 сем\\Песковацков\\web-programming-course-main\\web-programming-course-main\\lessons\\lr7\\quiz-backend\\src\\config\\index.ts": {"path":"C:\\Users\\safro\\Documents\\4 курс 1 сем\\Песковацков\\web-programming-course-main\\web-programming-course-main\\lessons\\lr7\\quiz-backend\\src\\config\\index.ts","statementMap":{"0":{"start":{"line":1,"column":22},"end":{"line":4,"column":null}}},"fnMap":{},"branchMap":{},"s":{"0":2},"f":{},"b":{},"meta":{"lastBranch":0,"lastFunction":0,"lastStatement":1,"seen":{"s:1:22:4:Infinity":0}}}
,"C:\\Users\\safro\\Documents\\4 курс 1 сем\\Песковацков\\web-programming-course-main\\web-programming-course-main\\lessons\\lr7\\quiz-backend\\src\\data\\mockData.ts": {"path":"C:\\Users\\safro\\Documents\\4 курс 1 сем\\Песковацков\\web-programming-course-main\\web-programming-course-main\\lessons\\lr7\\quiz-backend\\src\\data\\mockData.ts","statementMap":{"0":{"start":{"line":2,"column":30},"end":{"line":27,"column":null}},"1":{"start":{"line":30,"column":29},"end":{"line":115,"column":null}},"2":{"start":{"line":118,"column":40},"end":{"line":192,"column":null}},"3":{"start":{"line":195,"column":35},"end":{"line":195,"column":null}},"4":{"start":{"line":196,"column":34},"end":{"line":196,"column":null}}},"fnMap":{},"branchMap":{},"s":{"0":2,"1":2,"2":2,"3":2,"4":2},"f":{},"b":{},"meta":{"lastBranch":0,"lastFunction":0,"lastStatement":5,"seen":{"s:2:30:27:Infinity":0,"s:30:29:115:Infinity":1,"s:118:40:192:Infinity":2,"s:195:35:195:Infinity":3,"s:196:34:196:Infinity":4}}}
,"C:\\Users\\safro\\Documents\\4 курс 1 сем\\Песковацков\\web-programming-course-main\\web-programming-course-main\\lessons\\lr7\\quiz-backend\\src\\middleware\\admin.ts": {"path":"C:\\Users\\safro\\Documents\\4 курс 1 сем\\Песковацков\\web-programming-course-main\\web-programming-course-main\\lessons\\lr7\\quiz-backend\\src\\middleware\\admin.ts","statementMap":{"0":{"start":{"line":7,"column":15},"end":{"line":7,"column":null}},"1":{"start":{"line":8,"column":19},"end":{"line":8,"column":null}},"2":{"start":{"line":11,"column":23},"end":{"line":11,"column":null}},"3":{"start":{"line":13,"column":4},"end":{"line":14,"column":null}},"4":{"start":{"line":14,"column":8},"end":{"line":14,"column":null}},"5":{"start":{"line":17,"column":18},"end":{"line":17,"column":null}},"6":{"start":{"line":19,"column":4},"end":{"line":38,"column":null}},"7":{"start":{"line":21,"column":24},"end":{"line":21,"column":null}},"8":{"start":{"line":24,"column":21},"end":{"line":27,"column":null}},"9":{"start":{"line":29,"column":8},"end":{"line":29,"column":null}},"10":{"start":{"line":29,"column":19},"end":{"line":29,"column":null}},"11":{"start":{"line":31,"column":8},"end":{"line":31,"column":null}},"12":{"start":{"line":31,"column":34},"end":{"line":31,"column":null}},"13":{"start":{"line":33,"column":8},"end":{"line":33,"column":null}},"14":{"start":{"line":35,"column":8},"end":{"line":35,"column":null}},"15":{"start":{"line":37,"column":8},"end":{"line":37,"column":null}}},"fnMap":{"0":{"name":"requireAdmin","decl":{"start":{"line":10,"column":22},"end":{"line":10,"column":35}},"loc":{"start":{"line":10,"column":59},"end":{"line":39,"column":null}},"line":10}},"branchMap":{"0":{"loc":{"start":{"line":8,"column":19},"end":{"line":8,"column":null}},"type":"binary-expr","locations":[{"start":{"line":8,"column":19},"end":{"line":8,"column":45}},{"start":{"line":8,"column":45},"end":{"line":8,"column":null}}],"line":8},"1":{"loc":{"start":{"line":13,"column":4},"end":{"line":14,"column":null}},"type":"if","locations":[{"start":{"line":13,"column":4},"end":{"line":14,"column":null}},{"start":{},"end":{}}],"line":13},"2":{"loc":{"start":{"line":13,"column":8},"end":{"line":13,"column":null}},"type":"binary-expr","locations":[{"start":{"line":13,"column":8},"end":{"line":13,"column":23}},{"start":{"line":13,"column":23},"end":{"line":13,"column":null}}],"line":13},"3":{"loc":{"start":{"line":29,"column":8},"end":{"line":29,"column":null}},"type":"if","locations":[{"start":{"line":29,"column":8},"end":{"line":29,"column":null}},{"start":{},"end":{}}],"line":29},"4":{"loc":{"start":{"line":31,"column":8},"end":{"line":31,"column":null}},"type":"if","locations":[{"start":{"line":31,"column":8},"end":{"line":31,"column":null}},{"start":{},"end":{}}],"line":31}},"s":{"0":2,"1":2,"2":2,"3":2,"4":0,"5":2,"6":2,"7":2,"8":2,"9":2,"10":0,"11":2,"12":1,"13":1,"14":1,"15":1},"f":{"0":2},"b":{"0":[2,0],"1":[0,2],"2":[2,2],"3":[0,2],"4":[1,1]},"meta":{"lastBranch":5,"lastFunction":1,"lastStatement":16,"seen":{"s:7:15:7:Infinity":0,"s:8:19:8:Infinity":1,"b:8:19:8:45:8:45:8:Infinity":0,"f:10:22:10:35":0,"s:11:23:11:Infinity":2,"b:13:4:14:Infinity:undefined:undefined:undefined:undefined":1,"s:13:4:14:Infinity":3,"b:13:8:13:23:13:23:13:Infinity":2,"s:14:8:14:Infinity":4,"s:17:18:17:Infinity":5,"s:19:4:38:Infinity":6,"s:21:24:21:Infinity":7,"s:24:21:27:Infinity":8,"b:29:8:29:Infinity:undefined:undefined:undefined:undefined":3,"s:29:8:29:Infinity":9,"s:29:19:29:Infinity":10,"b:31:8:31:Infinity:undefined:undefined:undefined:undefined":4,"s:31:8:31:Infinity":11,"s:31:34:31:Infinity":12,"s:33:8:33:Infinity":13,"s:35:8:35:Infinity":14,"s:37:8:37:Infinity":15}}}
,"C:\\Users\\safro\\Documents\\4 курс 1 сем\\Песковацков\\web-programming-course-main\\web-programming-course-main\\lessons\\lr7\\quiz-backend\\src\\routes\\admin.ts": {"path":"C:\\Users\\safro\\Documents\\4 курс 1 сем\\Песковацков\\web-programming-course-main\\web-programming-course-main\\lessons\\lr7\\quiz-backend\\src\\routes\\admin.ts","statementMap":{"0":{"start":{"line":7,"column":15},"end":{"line":7,"column":null}},"1":{"start":{"line":8,"column":12},"end":{"line":8,"column":null}},"2":{"start":{"line":11,"column":23},"end":{"line":17,"column":null}},"3":{"start":{"line":19,"column":20},"end":{"line":22,"column":null}},"4":{"start":{"line":24,"column":23},"end":{"line":27,"column":null}},"5":{"start":{"line":29,"column":0},"end":{"line":29,"column":null}},"6":{"start":{"line":33,"column":0},"end":{"line":55,"column":null}},"7":{"start":{"line":34,"column":4},"end":{"line":54,"column":null}},"8":{"start":{"line":35,"column":26},"end":{"line":45,"column":null}},"9":{"start":{"line":47,"column":8},"end":{"line":50,"column":null}},"10":{"start":{"line":52,"column":8},"end":{"line":52,"column":null}},"11":{"start":{"line":53,"column":8},"end":{"line":53,"column":null}},"12":{"start":{"line":58,"column":0},"end":{"line":94,"column":null}},"13":{"start":{"line":59,"column":4},"end":{"line":93,"column":null}},"14":{"start":{"line":60,"column":21},"end":{"line":60,"column":null}},"15":{"start":{"line":61,"column":27},"end":{"line":61,"column":null}},"16":{"start":{"line":63,"column":8},"end":{"line":68,"column":null}},"17":{"start":{"line":64,"column":12},"end":{"line":67,"column":null}},"18":{"start":{"line":70,"column":21},"end":{"line":70,"column":null}},"19":{"start":{"line":72,"column":25},"end":{"line":83,"column":null}},"20":{"start":{"line":85,"column":8},"end":{"line":89,"column":null}},"21":{"start":{"line":91,"column":8},"end":{"line":91,"column":null}},"22":{"start":{"line":92,"column":8},"end":{"line":92,"column":null}},"23":{"start":{"line":97,"column":0},"end":{"line":125,"column":null}},"24":{"start":{"line":98,"column":4},"end":{"line":124,"column":null}},"25":{"start":{"line":99,"column":23},"end":{"line":99,"column":null}},"26":{"start":{"line":100,"column":21},"end":{"line":100,"column":null}},"27":{"start":{"line":101,"column":27},"end":{"line":101,"column":null}},"28":{"start":{"line":103,"column":8},"end":{"line":108,"column":null}},"29":{"start":{"line":104,"column":12},"end":{"line":107,"column":null}},"30":{"start":{"line":110,"column":25},"end":{"line":114,"column":null}},"31":{"start":{"line":116,"column":8},"end":{"line":120,"column":null}},"32":{"start":{"line":122,"column":8},"end":{"line":122,"column":null}},"33":{"start":{"line":123,"column":8},"end":{"line":123,"column":null}},"34":{"start":{"line":128,"column":0},"end":{"line":144,"column":null}},"35":{"start":{"line":129,"column":4},"end":{"line":143,"column":null}},"36":{"start":{"line":130,"column":23},"end":{"line":130,"column":null}},"37":{"start":{"line":132,"column":8},"end":{"line":134,"column":null}},"38":{"start":{"line":136,"column":8},"end":{"line":139,"column":null}},"39":{"start":{"line":141,"column":8},"end":{"line":141,"column":null}},"40":{"start":{"line":142,"column":8},"end":{"line":142,"column":null}},"41":{"start":{"line":147,"column":0},"end":{"line":166,"column":null}},"42":{"start":{"line":148,"column":4},"end":{"line":165,"column":null}},"43":{"start":{"line":149,"column":27},"end":{"line":156,"column":null}},"44":{"start":{"line":158,"column":8},"end":{"line":161,"column":null}},"45":{"start":{"line":163,"column":8},"end":{"line":163,"column":null}},"46":{"start":{"line":164,"column":8},"end":{"line":164,"column":null}},"47":{"start":{"line":169,"column":0},"end":{"line":194,"column":null}},"48":{"start":{"line":170,"column":4},"end":{"line":193,"column":null}},"49":{"start":{"line":171,"column":21},"end":{"line":171,"column":null}},"50":{"start":{"line":172,"column":27},"end":{"line":172,"column":null}},"51":{"start":{"line":174,"column":8},"end":{"line":179,"column":null}},"52":{"start":{"line":175,"column":12},"end":{"line":178,"column":null}},"53":{"start":{"line":181,"column":25},"end":{"line":183,"column":null}},"54":{"start":{"line":185,"column":8},"end":{"line":189,"column":null}},"55":{"start":{"line":191,"column":8},"end":{"line":191,"column":null}},"56":{"start":{"line":192,"column":8},"end":{"line":192,"column":null}},"57":{"start":{"line":198,"column":0},"end":{"line":257,"column":null}},"58":{"start":{"line":199,"column":4},"end":{"line":256,"column":null}},"59":{"start":{"line":200,"column":45},"end":{"line":200,"column":null}},"60":{"start":{"line":201,"column":14},"end":{"line":201,"column":null}},"61":{"start":{"line":203,"column":24},"end":{"line":234,"column":null}},"62":{"start":{"line":236,"column":22},"end":{"line":241,"column":null}},"63":{"start":{"line":243,"column":8},"end":{"line":252,"column":null}},"64":{"start":{"line":254,"column":8},"end":{"line":254,"column":null}},"65":{"start":{"line":255,"column":8},"end":{"line":255,"column":null}},"66":{"start":{"line":260,"column":0},"end":{"line":344,"column":null}},"67":{"start":{"line":261,"column":4},"end":{"line":343,"column":null}},"68":{"start":{"line":262,"column":23},"end":{"line":262,"column":null}},"69":{"start":{"line":263,"column":21},"end":{"line":263,"column":null}},"70":{"start":{"line":264,"column":27},"end":{"line":264,"column":null}},"71":{"start":{"line":266,"column":8},"end":{"line":271,"column":null}},"72":{"start":{"line":267,"column":12},"end":{"line":270,"column":null}},"73":{"start":{"line":273,"column":37},"end":{"line":273,"column":null}},"74":{"start":{"line":276,"column":23},"end":{"line":330,"column":null}},"75":{"start":{"line":277,"column":27},"end":{"line":285,"column":null}},"76":{"start":{"line":287,"column":12},"end":{"line":289,"column":null}},"77":{"start":{"line":288,"column":16},"end":{"line":288,"column":null}},"78":{"start":{"line":291,"column":12},"end":{"line":293,"column":null}},"79":{"start":{"line":292,"column":16},"end":{"line":292,"column":null}},"80":{"start":{"line":296,"column":27},"end":{"line":296,"column":null}},"81":{"start":{"line":297,"column":31},"end":{"line":297,"column":null}},"82":{"start":{"line":299,"column":34},"end":{"line":305,"column":null}},"83":{"start":{"line":308,"column":35},"end":{"line":310,"column":null}},"84":{"start":{"line":312,"column":30},"end":{"line":312,"column":null}},"85":{"start":{"line":312,"column":56},"end":{"line":312,"column":72}},"86":{"start":{"line":314,"column":12},"end":{"line":327,"column":null}},"87":{"start":{"line":315,"column":42},"end":{"line":318,"column":null}},"88":{"start":{"line":316,"column":32},"end":{"line":316,"column":null}},"89":{"start":{"line":320,"column":16},"end":{"line":326,"column":null}},"90":{"start":{"line":329,"column":12},"end":{"line":329,"column":null}},"91":{"start":{"line":332,"column":8},"end":{"line":336,"column":null}},"92":{"start":{"line":338,"column":8},"end":{"line":340,"column":null}},"93":{"start":{"line":339,"column":12},"end":{"line":339,"column":null}},"94":{"start":{"line":341,"column":8},"end":{"line":341,"column":null}},"95":{"start":{"line":342,"column":8},"end":{"line":342,"column":null}},"96":{"start":{"line":348,"column":0},"end":{"line":393,"column":null}},"97":{"start":{"line":349,"column":4},"end":{"line":392,"column":null}},"98":{"start":{"line":356,"column":12},"end":{"line":367,"column":null}},"99":{"start":{"line":369,"column":25},"end":{"line":372,"column":null}},"100":{"start":{"line":374,"column":29},"end":{"line":374,"column":null}},"101":{"start":{"line":376,"column":8},"end":{"line":388,"column":null}},"102":{"start":{"line":390,"column":8},"end":{"line":390,"column":null}},"103":{"start":{"line":391,"column":8},"end":{"line":391,"column":null}},"104":{"start":{"line":396,"column":0},"end":{"line":441,"column":null}},"105":{"start":{"line":397,"column":4},"end":{"line":440,"column":null}},"106":{"start":{"line":398,"column":33},"end":{"line":398,"column":null}},"107":{"start":{"line":400,"column":28},"end":{"line":410,"column":null}},"108":{"start":{"line":413,"column":26},"end":{"line":431,"column":null}},"109":{"start":{"line":415,"column":29},"end":{"line":418,"column":null}},"110":{"start":{"line":420,"column":37},"end":{"line":420,"column":null}},"111":{"start":{"line":422,"column":16},"end":{"line":429,"column":null}},"112":{"start":{"line":433,"column":8},"end":{"line":436,"column":null}},"113":{"start":{"line":438,"column":8},"end":{"line":438,"column":null}},"114":{"start":{"line":439,"column":8},"end":{"line":439,"column":null}},"115":{"start":{"line":444,"column":0},"end":{"line":517,"column":null}},"116":{"start":{"line":445,"column":4},"end":{"line":516,"column":null}},"117":{"start":{"line":446,"column":27},"end":{"line":446,"column":null}},"118":{"start":{"line":448,"column":21},"end":{"line":456,"column":null}},"119":{"start":{"line":458,"column":8},"end":{"line":460,"column":null}},"120":{"start":{"line":459,"column":12},"end":{"line":459,"column":null}},"121":{"start":{"line":462,"column":25},"end":{"line":477,"column":null}},"122":{"start":{"line":479,"column":25},"end":{"line":480,"column":null}},"123":{"start":{"line":480,"column":40},"end":{"line":480,"column":62}},"124":{"start":{"line":482,"column":29},"end":{"line":486,"column":null}},"125":{"start":{"line":488,"column":31},"end":{"line":493,"column":null}},"126":{"start":{"line":495,"column":8},"end":{"line":512,"column":null}},"127":{"start":{"line":505,"column":45},"end":{"line":510,"column":18}},"128":{"start":{"line":514,"column":8},"end":{"line":514,"column":null}},"129":{"start":{"line":515,"column":8},"end":{"line":515,"column":null}}},"fnMap":{"0":{"name":"(anonymous_0)","decl":{"start":{"line":33,"column":22},"end":{"line":33,"column":29}},"loc":{"start":{"line":33,"column":35},"end":{"line":55,"column":1}},"line":33},"1":{"name":"(anonymous_1)","decl":{"start":{"line":58,"column":23},"end":{"line":58,"column":30}},"loc":{"start":{"line":58,"column":36},"end":{"line":94,"column":1}},"line":58},"2":{"name":"(anonymous_2)","decl":{"start":{"line":97,"column":26},"end":{"line":97,"column":33}},"loc":{"start":{"line":97,"column":39},"end":{"line":125,"column":1}},"line":97},"3":{"name":"(anonymous_3)","decl":{"start":{"line":128,"column":29},"end":{"line":128,"column":36}},"loc":{"start":{"line":128,"column":42},"end":{"line":144,"column":1}},"line":128},"4":{"name":"(anonymous_4)","decl":{"start":{"line":147,"column":23},"end":{"line":147,"column":30}},"loc":{"start":{"line":147,"column":36},"end":{"line":166,"column":1}},"line":147},"5":{"name":"(anonymous_5)","decl":{"start":{"line":169,"column":24},"end":{"line":169,"column":31}},"loc":{"start":{"line":169,"column":37},"end":{"line":194,"column":1}},"line":169},"6":{"name":"(anonymous_6)","decl":{"start":{"line":198,"column":28},"end":{"line":198,"column":35}},"loc":{"start":{"line":198,"column":41},"end":{"line":257,"column":1}},"line":198},"7":{"name":"(anonymous_7)","decl":{"start":{"line":260,"column":31},"end":{"line":260,"column":38}},"loc":{"start":{"line":260,"column":44},"end":{"line":344,"column":1}},"line":260},"8":{"name":"(anonymous_8)","decl":{"start":{"line":276,"column":49},"end":{"line":276,"column":56}},"loc":{"start":{"line":276,"column":63},"end":{"line":330,"column":9}},"line":276},"9":{"name":"(anonymous_9)","decl":{"start":{"line":312,"column":51},"end":{"line":312,"column":56}},"loc":{"start":{"line":312,"column":56},"end":{"line":312,"column":72}},"line":312},"10":{"name":"(anonymous_10)","decl":{"start":{"line":316,"column":20},"end":{"line":316,"column":21}},"loc":{"start":{"line":316,"column":32},"end":{"line":316,"column":null}},"line":316},"11":{"name":"(anonymous_11)","decl":{"start":{"line":348,"column":18},"end":{"line":348,"column":25}},"loc":{"start":{"line":348,"column":31},"end":{"line":393,"column":1}},"line":348},"12":{"name":"(anonymous_12)","decl":{"start":{"line":396,"column":24},"end":{"line":396,"column":31}},"loc":{"start":{"line":396,"column":37},"end":{"line":441,"column":1}},"line":396},"13":{"name":"(anonymous_13)","decl":{"start":{"line":414,"column":28},"end":{"line":414,"column":35}},"loc":{"start":{"line":414,"column":45},"end":{"line":430,"column":13}},"line":414},"14":{"name":"(anonymous_14)","decl":{"start":{"line":444,"column":35},"end":{"line":444,"column":42}},"loc":{"start":{"line":444,"column":48},"end":{"line":517,"column":1}},"line":444},"15":{"name":"(anonymous_15)","decl":{"start":{"line":480,"column":28},"end":{"line":480,"column":29}},"loc":{"start":{"line":480,"column":40},"end":{"line":480,"column":62}},"line":480},"16":{"name":"(anonymous_16)","decl":{"start":{"line":505,"column":39},"end":{"line":505,"column":45}},"loc":{"start":{"line":505,"column":45},"end":{"line":510,"column":18}},"line":505}},"branchMap":{"0":{"loc":{"start":{"line":63,"column":8},"end":{"line":68,"column":null}},"type":"if","locations":[{"start":{"line":63,"column":8},"end":{"line":68,"column":null}},{"start":{},"end":{}}],"line":63},"1":{"loc":{"start":{"line":77,"column":31},"end":{"line":77,"column":null}},"type":"binary-expr","locations":[{"start":{"line":77,"column":31},"end":{"line":77,"column":53}},{"start":{"line":77,"column":53},"end":{"line":77,"column":null}}],"line":77},"2":{"loc":{"start":{"line":103,"column":8},"end":{"line":108,"column":null}},"type":"if","locations":[{"start":{"line":103,"column":8},"end":{"line":108,"column":null}},{"start":{},"end":{}}],"line":103},"3":{"loc":{"start":{"line":174,"column":8},"end":{"line":179,"column":null}},"type":"if","locations":[{"start":{"line":174,"column":8},"end":{"line":179,"column":null}},{"start":{},"end":{}}],"line":174},"4":{"loc":{"start":{"line":200,"column":16},"end":{"line":200,"column":28}},"type":"default-arg","locations":[{"start":{"line":200,"column":23},"end":{"line":200,"column":28}}],"line":200},"5":{"loc":{"start":{"line":200,"column":28},"end":{"line":200,"column":41}},"type":"default-arg","locations":[{"start":{"line":200,"column":36},"end":{"line":200,"column":41}}],"line":200},"6":{"loc":{"start":{"line":266,"column":8},"end":{"line":271,"column":null}},"type":"if","locations":[{"start":{"line":266,"column":8},"end":{"line":271,"column":null}},{"start":{},"end":{}}],"line":266},"7":{"loc":{"start":{"line":287,"column":12},"end":{"line":289,"column":null}},"type":"if","locations":[{"start":{"line":287,"column":12},"end":{"line":289,"column":null}},{"start":{},"end":{}}],"line":287},"8":{"loc":{"start":{"line":291,"column":12},"end":{"line":293,"column":null}},"type":"if","locations":[{"start":{"line":291,"column":12},"end":{"line":293,"column":null}},{"start":{},"end":{}}],"line":291},"9":{"loc":{"start":{"line":296,"column":27},"end":{"line":296,"column":null}},"type":"binary-expr","locations":[{"start":{"line":296,"column":27},"end":{"line":296,"column":86}},{"start":{"line":296,"column":86},"end":{"line":296,"column":null}}],"line":296},"10":{"loc":{"start":{"line":314,"column":12},"end":{"line":327,"column":null}},"type":"if","locations":[{"start":{"line":314,"column":12},"end":{"line":327,"column":null}},{"start":{},"end":{}}],"line":314},"11":{"loc":{"start":{"line":316,"column":39},"end":{"line":316,"column":null}},"type":"binary-expr","locations":[{"start":{"line":316,"column":39},"end":{"line":316,"column":50}},{"start":{"line":316,"column":50},"end":{"line":316,"column":null}}],"line":316},"12":{"loc":{"start":{"line":338,"column":8},"end":{"line":340,"column":null}},"type":"if","locations":[{"start":{"line":338,"column":8},"end":{"line":340,"column":null}},{"start":{},"end":{}}],"line":338},"13":{"loc":{"start":{"line":374,"column":29},"end":{"line":374,"column":null}},"type":"cond-expr","locations":[{"start":{"line":374,"column":51},"end":{"line":374,"column":97}},{"start":{"line":374,"column":97},"end":{"line":374,"column":null}}],"line":374},"14":{"loc":{"start":{"line":385,"column":32},"end":{"line":386,"column":null}},"type":"cond-expr","locations":[{"start":{"line":386,"column":20},"end":{"line":386,"column":76}},{"start":{"line":386,"column":76},"end":{"line":386,"column":null}}],"line":385},"15":{"loc":{"start":{"line":398,"column":16},"end":{"line":398,"column":29}},"type":"default-arg","locations":[{"start":{"line":398,"column":24},"end":{"line":398,"column":29}}],"line":398},"16":{"loc":{"start":{"line":420,"column":37},"end":{"line":420,"column":null}},"type":"cond-expr","locations":[{"start":{"line":420,"column":56},"end":{"line":420,"column":99}},{"start":{"line":420,"column":99},"end":{"line":420,"column":null}}],"line":420},"17":{"loc":{"start":{"line":424,"column":30},"end":{"line":424,"column":null}},"type":"binary-expr","locations":[{"start":{"line":424,"column":30},"end":{"line":424,"column":44}},{"start":{"line":424,"column":44},"end":{"line":424,"column":null}}],"line":424},"18":{"loc":{"start":{"line":427,"column":31},"end":{"line":427,"column":null}},"type":"binary-expr","locations":[{"start":{"line":427,"column":31},"end":{"line":427,"column":51}},{"start":{"line":427,"column":51},"end":{"line":427,"column":null}}],"line":427},"19":{"loc":{"start":{"line":458,"column":8},"end":{"line":460,"column":null}},"type":"if","locations":[{"start":{"line":458,"column":8},"end":{"line":460,"column":null}},{"start":{},"end":{}}],"line":458},"20":{"loc":{"start":{"line":479,"column":25},"end":{"line":480,"column":null}},"type":"cond-expr","locations":[{"start":{"line":480,"column":12},"end":{"line":480,"column":85}},{"start":{"line":480,"column":85},"end":{"line":480,"column":null}}],"line":479},"21":{"loc":{"start":{"line":480,"column":47},"end":{"line":480,"column":62}},"type":"binary-expr","locations":[{"start":{"line":480,"column":47},"end":{"line":480,"column":58}},{"start":{"line":480,"column":58},"end":{"line":480,"column":62}}],"line":480},"22":{"loc":{"start":{"line":503,"column":26},"end":{"line":504,"column":null}},"type":"cond-expr","locations":[{"start":{"line":504,"column":20},"end":{"line":504,"column":72}},{"start":{"line":504,"column":72},"end":{"line":504,"column":null}}],"line":503}},"s":{"0":2,"1":2,"2":2,"3":2,"4":2,"5":2,"6":2,"7":0,"8":0,"9":0,"10":0,"11":0,"12":2,"13":0,"14":0,"15":0,"16":0,"17":0,"18":0,"19":0,"20":0,"21":0,"22":0,"23":2,"24":0,"25":0,"26":0,"27":0,"28":0,"29":0,"30":0,"31":0,"32":0,"33":0,"34":2,"35":0,"36":0,"37":0,"38":0,"39":0,"40":0,"41":2,"42":0,"43":0,"44":0,"45":0,"46":0,"47":2,"48":0,"49":0,"50":0,"51":0,"52":0,"53":0,"54":0,"55":0,"56":0,"57":2,"58":0,"59":0,"60":0,"61":0,"62":0,"63":0,"64":0,"65":0,"66":2,"67":0,"68":0,"69":0,"70":0,"71":0,"72":0,"73":0,"74":0,"75":0,"76":0,"77":0,"78":0,"79":0,"80":0,"81":0,"82":0,"83":0,"84":0,"85":0,"86":0,"87":0,"88":0,"89":0,"90":0,"91":0,"92":0,"93":0,"94":0,"95":0,"96":2,"97":1,"98":1,"99":1,"100":1,"101":1,"102":0,"103":0,"104":2,"105":0,"106":0,"107":0,"108":0,"109":0,"110":0,"111":0,"112":0,"113":0,"114":0,"115":2,"116":0,"117":0,"118":0,"119":0,"120":0,"121":0,"122":0,"123":0,"124":0,"125":0,"126":0,"127":0,"128":0,"129":0},"f":{"0":0,"1":0,"2":0,"3":0,"4":0,"5":0,"6":0,"7":0,"8":0,"9":0,"10":0,"11":1,"12":0,"13":0,"14":0,"15":0,"16":0},"b":{"0":[0,0],"1":[0,0],"2":[0,0],"3":[0,0],"4":[0],"5":[0],"6":[0,0],"7":[0,0],"8":[0,0],"9":[0,0],"10":[0,0],"11":[0,0],"12":[0,0],"13":[0,1],"14":[1,0],"15":[0],"16":[0,0],"17":[0,0],"18":[0,0],"19":[0,0],"20":[0,0],"21":[0,0],"22":[0,0]},"meta":{"lastBranch":23,"lastFunction":17,"lastStatement":130,"seen":{"s:7:15:7:Infinity":0,"s:8:12:8:Infinity":1,"s:11:23:17:Infinity":2,"s:19:20:22:Infinity":3,"s:24:23:27:Infinity":4,"s:29:0:29:Infinity":5,"s:33:0:55:Infinity":6,"f:33:22:33:29":0,"s:34:4:54:Infinity":7,"s:35:26:45:Infinity":8,"s:47:8:50:Infinity":9,"s:52:8:52:Infinity":10,"s:53:8:53:Infinity":11,"s:58:0:94:Infinity":12,"f:58:23:58:30":1,"s:59:4:93:Infinity":13,"s:60:21:60:Infinity":14,"s:61:27:61:Infinity":15,"b:63:8:68:Infinity:undefined:undefined:undefined:undefined":0,"s:63:8:68:Infinity":16,"s:64:12:67:Infinity":17,"s:70:21:70:Infinity":18,"s:72:25:83:Infinity":19,"b:77:31:77:53:77:53:77:Infinity":1,"s:85:8:89:Infinity":20,"s:91:8:91:Infinity":21,"s:92:8:92:Infinity":22,"s:97:0:125:Infinity":23,"f:97:26:97:33":2,"s:98:4:124:Infinity":24,"s:99:23:99:Infinity":25,"s:100:21:100:Infinity":26,"s:101:27:101:Infinity":27,"b:103:8:108:Infinity:undefined:undefined:undefined:undefined":2,"s:103:8:108:Infinity":28,"s:104:12:107:Infinity":29,"s:110:25:114:Infinity":30,"s:116:8:120:Infinity":31,"s:122:8:122:Infinity":32,"s:123:8:123:Infinity":33,"s:128:0:144:Infinity":34,"f:128:29:128:36":3,"s:129:4:143:Infinity":35,"s:130:23:130:Infinity":36,"s:132:8:134:Infinity":37,"s:136:8:139:Infinity":38,"s:141:8:141:Infinity":39,"s:142:8:142:Infinity":40,"s:147:0:166:Infinity":41,"f:147:23:147:30":4,"s:148:4:165:Infinity":42,"s:149:27:156:Infinity":43,"s:158:8:161:Infinity":44,"s:163:8:163:Infinity":45,"s:164:8:164:Infinity":46,"s:169:0:194:Infinity":47,"f:169:24:169:31":5,"s:170:4:193:Infinity":48,"s:171:21:171:Infinity":49,"s:172:27:172:Infinity":50,"b:174:8:179:Infinity:undefined:undefined:undefined:undefined":3,"s:174:8:179:Infinity":51,"s:175:12:178:Infinity":52,"s:181:25:183:Infinity":53,"s:185:8:189:Infinity":54,"s:191:8:191:Infinity":55,"s:192:8:192:Infinity":56,"s:198:0:257:Infinity":57,"f:198:28:198:35":6,"s:199:4:256:Infinity":58,"s:200:45:200:Infinity":59,"b:200:23:200:28":4,"b:200:36:200:41":5,"s:201:14:201:Infinity":60,"s:203:24:234:Infinity":61,"s:236:22:241:Infinity":62,"s:243:8:252:Infinity":63,"s:254:8:254:Infinity":64,"s:255:8:255:Infinity":65,"s:260:0:344:Infinity":66,"f:260:31:260:38":7,"s:261:4:343:Infinity":67,"s:262:23:262:Infinity":68,"s:263:21:263:Infinity":69,"s:264:27:264:Infinity":70,"b:266:8:271:Infinity:undefined:undefined:undefined:undefined":6,"s:266:8:271:Infinity":71,"s:267:12:270:Infinity":72,"s:273:37:273:Infinity":73,"s:276:23:330:Infinity":74,"f:276:49:276:56":8,"s:277:27:285:Infinity":75,"b:287:12:289:Infinity:undefined:undefined:undefined:undefined":7,"s:287:12:289:Infinity":76,"s:288:16:288:Infinity":77,"b:291:12:293:Infinity:undefined:undefined:undefined:undefined":8,"s:291:12:293:Infinity":78,"s:292:16:292:Infinity":79,"s:296:27:296:Infinity":80,"b:296:27:296:86:296:86:296:Infinity":9,"s:297:31:297:Infinity":81,"s:299:34:305:Infinity":82,"s:308:35:310:Infinity":83,"s:312:30:312:Infinity":84,"f:312:51:312:56":9,"s:312:56:312:72":85,"b:314:12:327:Infinity:undefined:undefined:undefined:undefined":10,"s:314:12:327:Infinity":86,"s:315:42:318:Infinity":87,"f:316:20:316:21":10,"s:316:32:316:Infinity":88,"b:316:39:316:50:316:50:316:Infinity":11,"s:320:16:326:Infinity":89,"s:329:12:329:Infinity":90,"s:332:8:336:Infinity":91,"b:338:8:340:Infinity:undefined:undefined:undefined:undefined":12,"s:338:8:340:Infinity":92,"s:339:12:339:Infinity":93,"s:341:8:341:Infinity":94,"s:342:8:342:Infinity":95,"s:348:0:393:Infinity":96,"f:348:18:348:25":11,"s:349:4:392:Infinity":97,"s:356:12:367:Infinity":98,"s:369:25:372:Infinity":99,"s:374:29:374:Infinity":100,"b:374:51:374:97:374:97:374:Infinity":13,"s:376:8:388:Infinity":101,"b:386:20:386:76:386:76:386:Infinity":14,"s:390:8:390:Infinity":102,"s:391:8:391:Infinity":103,"s:396:0:441:Infinity":104,"f:396:24:396:31":12,"s:397:4:440:Infinity":105,"s:398:33:398:Infinity":106,"b:398:24:398:29":15,"s:400:28:410:Infinity":107,"s:413:26:431:Infinity":108,"f:414:28:414:35":13,"s:415:29:418:Infinity":109,"s:420:37:420:Infinity":110,"b:420:56:420:99:420:99:420:Infinity":16,"s:422:16:429:Infinity":111,"b:424:30:424:44:424:44:424:Infinity":17,"b:427:31:427:51:427:51:427:Infinity":18,"s:433:8:436:Infinity":112,"s:438:8:438:Infinity":113,"s:439:8:439:Infinity":114,"s:444:0:517:Infinity":115,"f:444:35:444:42":14,"s:445:4:516:Infinity":116,"s:446:27:446:Infinity":117,"s:448:21:456:Infinity":118,"b:458:8:460:Infinity:undefined:undefined:undefined:undefined":19,"s:458:8:460:Infinity":119,"s:459:12:459:Infinity":120,"s:462:25:477:Infinity":121,"s:479:25:480:Infinity":122,"b:480:12:480:85:480:85:480:Infinity":20,"f:480:28:480:29":15,"s:480:40:480:62":123,"b:480:47:480:58:480:58:480:62":21,"s:482:29:486:Infinity":124,"s:488:31:493:Infinity":125,"s:495:8:512:Infinity":126,"b:504:20:504:72:504:72:504:Infinity":22,"f:505:39:505:45":16,"s:505:45:510:18":127,"s:514:8:514:Infinity":128,"s:515:8:515:Infinity":129}}}
,"C:\\Users\\safro\\Documents\\4 курс 1 сем\\Песковацков\\web-programming-course-main\\web-programming-course-main\\lessons\\lr7\\quiz-backend\\src\\routes\\auth.ts": {"path":"C:\\Users\\safro\\Documents\\4 курс 1 сем\\Песковацков\\web-programming-course-main\\web-programming-course-main\\lessons\\lr7\\quiz-backend\\src\\routes\\auth.ts","statementMap":{"0":{"start":{"line":7,"column":13},"end":{"line":7,"column":null}},"1":{"start":{"line":8,"column":15},"end":{"line":8,"column":null}},"2":{"start":{"line":9,"column":0},"end":{"line":9,"column":null}},"3":{"start":{"line":12,"column":109},"end":{"line":34,"column":null}},"4":{"start":{"line":36,"column":0},"end":{"line":115,"column":null}},"5":{"start":{"line":37,"column":4},"end":{"line":114,"column":null}},"6":{"start":{"line":39,"column":21},"end":{"line":39,"column":null}},"7":{"start":{"line":40,"column":8},"end":{"line":40,"column":null}},"8":{"start":{"line":42,"column":27},"end":{"line":42,"column":null}},"9":{"start":{"line":44,"column":8},"end":{"line":50,"column":null}},"10":{"start":{"line":45,"column":12},"end":{"line":45,"column":null}},"11":{"start":{"line":46,"column":12},"end":{"line":49,"column":null}},"12":{"start":{"line":52,"column":25},"end":{"line":52,"column":null}},"13":{"start":{"line":53,"column":27},"end":{"line":53,"column":null}},"14":{"start":{"line":55,"column":8},"end":{"line":58,"column":null}},"15":{"start":{"line":56,"column":12},"end":{"line":56,"column":null}},"16":{"start":{"line":57,"column":12},"end":{"line":57,"column":null}},"17":{"start":{"line":61,"column":8},"end":{"line":105,"column":null}},"18":{"start":{"line":62,"column":12},"end":{"line":62,"column":null}},"19":{"start":{"line":64,"column":29},"end":{"line":64,"column":null}},"20":{"start":{"line":65,"column":12},"end":{"line":65,"column":null}},"21":{"start":{"line":67,"column":25},"end":{"line":80,"column":null}},"22":{"start":{"line":82,"column":12},"end":{"line":82,"column":null}},"23":{"start":{"line":85,"column":28},"end":{"line":90,"column":null}},"24":{"start":{"line":92,"column":26},"end":{"line":92,"column":null}},"25":{"start":{"line":94,"column":12},"end":{"line":104,"column":null}},"26":{"start":{"line":109,"column":8},"end":{"line":109,"column":null}},"27":{"start":{"line":110,"column":8},"end":{"line":113,"column":null}},"28":{"start":{"line":118,"column":0},"end":{"line":126,"column":null}},"29":{"start":{"line":119,"column":4},"end":{"line":125,"column":null}},"30":{"start":{"line":128,"column":0},"end":{"line":185,"column":null}},"31":{"start":{"line":129,"column":4},"end":{"line":184,"column":null}},"32":{"start":{"line":131,"column":27},"end":{"line":131,"column":null}},"33":{"start":{"line":133,"column":8},"end":{"line":135,"column":null}},"34":{"start":{"line":134,"column":12},"end":{"line":134,"column":null}},"35":{"start":{"line":138,"column":22},"end":{"line":138,"column":null}},"36":{"start":{"line":139,"column":27},"end":{"line":139,"column":null}},"37":{"start":{"line":141,"column":8},"end":{"line":144,"column":null}},"38":{"start":{"line":142,"column":12},"end":{"line":142,"column":null}},"39":{"start":{"line":143,"column":12},"end":{"line":143,"column":null}},"40":{"start":{"line":148,"column":8},"end":{"line":154,"column":null}},"41":{"start":{"line":149,"column":12},"end":{"line":149,"column":null}},"42":{"start":{"line":150,"column":12},"end":{"line":150,"column":null}},"43":{"start":{"line":152,"column":12},"end":{"line":152,"column":null}},"44":{"start":{"line":153,"column":12},"end":{"line":153,"column":null}},"45":{"start":{"line":157,"column":21},"end":{"line":159,"column":null}},"46":{"start":{"line":162,"column":8},"end":{"line":164,"column":null}},"47":{"start":{"line":163,"column":12},"end":{"line":163,"column":null}},"48":{"start":{"line":166,"column":8},"end":{"line":179,"column":null}},"49":{"start":{"line":182,"column":8},"end":{"line":182,"column":null}},"50":{"start":{"line":183,"column":8},"end":{"line":183,"column":null}}},"fnMap":{"0":{"name":"(anonymous_0)","decl":{"start":{"line":36,"column":30},"end":{"line":36,"column":37}},"loc":{"start":{"line":36,"column":43},"end":{"line":115,"column":1}},"line":36},"1":{"name":"(anonymous_1)","decl":{"start":{"line":118,"column":18},"end":{"line":118,"column":19}},"loc":{"start":{"line":118,"column":25},"end":{"line":126,"column":1}},"line":118},"2":{"name":"(anonymous_2)","decl":{"start":{"line":128,"column":16},"end":{"line":128,"column":23}},"loc":{"start":{"line":128,"column":29},"end":{"line":185,"column":1}},"line":128}},"branchMap":{"0":{"loc":{"start":{"line":44,"column":8},"end":{"line":50,"column":null}},"type":"if","locations":[{"start":{"line":44,"column":8},"end":{"line":50,"column":null}},{"start":{},"end":{}}],"line":44},"1":{"loc":{"start":{"line":53,"column":27},"end":{"line":53,"column":null}},"type":"binary-expr","locations":[{"start":{"line":53,"column":27},"end":{"line":53,"column":53}},{"start":{"line":53,"column":53},"end":{"line":53,"column":null}}],"line":53},"2":{"loc":{"start":{"line":55,"column":8},"end":{"line":58,"column":null}},"type":"if","locations":[{"start":{"line":55,"column":8},"end":{"line":58,"column":null}},{"start":{},"end":{}}],"line":55},"3":{"loc":{"start":{"line":61,"column":8},"end":{"line":105,"column":null}},"type":"if","locations":[{"start":{"line":61,"column":8},"end":{"line":105,"column":null}},{"start":{},"end":{}}],"line":61},"4":{"loc":{"start":{"line":64,"column":29},"end":{"line":64,"column":null}},"type":"binary-expr","locations":[{"start":{"line":64,"column":29},"end":{"line":64,"column":49}},{"start":{"line":64,"column":49},"end":{"line":64,"column":null}}],"line":64},"5":{"loc":{"start":{"line":112,"column":21},"end":{"line":112,"column":null}},"type":"cond-expr","locations":[{"start":{"line":112,"column":46},"end":{"line":112,"column":62}},{"start":{"line":112,"column":62},"end":{"line":112,"column":null}}],"line":112},"6":{"loc":{"start":{"line":133,"column":8},"end":{"line":135,"column":null}},"type":"if","locations":[{"start":{"line":133,"column":8},"end":{"line":135,"column":null}},{"start":{},"end":{}}],"line":133},"7":{"loc":{"start":{"line":133,"column":12},"end":{"line":133,"column":62}},"type":"binary-expr","locations":[{"start":{"line":133,"column":12},"end":{"line":133,"column":27}},{"start":{"line":133,"column":27},"end":{"line":133,"column":62}}],"line":133},"8":{"loc":{"start":{"line":139,"column":27},"end":{"line":139,"column":null}},"type":"binary-expr","locations":[{"start":{"line":139,"column":27},"end":{"line":139,"column":53}},{"start":{"line":139,"column":53},"end":{"line":139,"column":null}}],"line":139},"9":{"loc":{"start":{"line":141,"column":8},"end":{"line":144,"column":null}},"type":"if","locations":[{"start":{"line":141,"column":8},"end":{"line":144,"column":null}},{"start":{},"end":{}}],"line":141},"10":{"loc":{"start":{"line":162,"column":8},"end":{"line":164,"column":null}},"type":"if","locations":[{"start":{"line":162,"column":8},"end":{"line":164,"column":null}},{"start":{},"end":{}}],"line":162}},"s":{"0":2,"1":2,"2":2,"3":2,"4":2,"5":11,"6":11,"7":11,"8":11,"9":11,"10":0,"11":0,"12":11,"13":11,"14":11,"15":0,"16":0,"17":11,"18":11,"19":11,"20":11,"21":11,"22":11,"23":11,"24":11,"25":11,"26":0,"27":0,"28":2,"29":0,"30":2,"31":0,"32":0,"33":0,"34":0,"35":0,"36":0,"37":0,"38":0,"39":0,"40":0,"41":0,"42":0,"43":0,"44":0,"45":0,"46":0,"47":0,"48":0,"49":0,"50":0},"f":{"0":11,"1":0,"2":0},"b":{"0":[0,11],"1":[11,0],"2":[0,11],"3":[11,0],"4":[11,0],"5":[0,0],"6":[0,0],"7":[0,0],"8":[0,0],"9":[0,0],"10":[0,0]},"meta":{"lastBranch":11,"lastFunction":3,"lastStatement":51,"seen":{"s:7:13:7:Infinity":0,"s:8:15:8:Infinity":1,"s:9:0:9:Infinity":2,"s:12:109:34:Infinity":3,"s:36:0:115:Infinity":4,"f:36:30:36:37":0,"s:37:4:114:Infinity":5,"s:39:21:39:Infinity":6,"s:40:8:40:Infinity":7,"s:42:27:42:Infinity":8,"b:44:8:50:Infinity:undefined:undefined:undefined:undefined":0,"s:44:8:50:Infinity":9,"s:45:12:45:Infinity":10,"s:46:12:49:Infinity":11,"s:52:25:52:Infinity":12,"s:53:27:53:Infinity":13,"b:53:27:53:53:53:53:53:Infinity":1,"b:55:8:58:Infinity:undefined:undefined:undefined:undefined":2,"s:55:8:58:Infinity":14,"s:56:12:56:Infinity":15,"s:57:12:57:Infinity":16,"b:61:8:105:Infinity:undefined:undefined:undefined:undefined":3,"s:61:8:105:Infinity":17,"s:62:12:62:Infinity":18,"s:64:29:64:Infinity":19,"b:64:29:64:49:64:49:64:Infinity":4,"s:65:12:65:Infinity":20,"s:67:25:80:Infinity":21,"s:82:12:82:Infinity":22,"s:85:28:90:Infinity":23,"s:92:26:92:Infinity":24,"s:94:12:104:Infinity":25,"s:109:8:109:Infinity":26,"s:110:8:113:Infinity":27,"b:112:46:112:62:112:62:112:Infinity":5,"s:118:0:126:Infinity":28,"f:118:18:118:19":1,"s:119:4:125:Infinity":29,"s:128:0:185:Infinity":30,"f:128:16:128:23":2,"s:129:4:184:Infinity":31,"s:131:27:131:Infinity":32,"b:133:8:135:Infinity:undefined:undefined:undefined:undefined":6,"s:133:8:135:Infinity":33,"b:133:12:133:27:133:27:133:62":7,"s:134:12:134:Infinity":34,"s:138:22:138:Infinity":35,"s:139:27:139:Infinity":36,"b:139:27:139:53:139:53:139:Infinity":8,"b:141:8:144:Infinity:undefined:undefined:undefined:undefined":9,"s:141:8:144:Infinity":37,"s:142:12:142:Infinity":38,"s:143:12:143:Infinity":39,"s:148:8:154:Infinity":40,"s:149:12:149:Infinity":41,"s:150:12:150:Infinity":42,"s:152:12:152:Infinity":43,"s:153:12:153:Infinity":44,"s:157:21:159:Infinity":45,"b:162:8:164:Infinity:undefined:undefined:undefined:undefined":10,"s:162:8:164:Infinity":46,"s:163:12:163:Infinity":47,"s:166:8:179:Infinity":48,"s:182:8:182:Infinity":49,"s:183:8:183:Infinity":50}}}
,"C:\\Users\\safro\\Documents\\4 курс 1 сем\\Песковацков\\web-programming-course-main\\web-programming-course-main\\lessons\\lr7\\quiz-backend\\src\\routes\\questions.ts": {"path":"C:\\Users\\safro\\Documents\\4 курс 1 сем\\Песковацков\\web-programming-course-main\\web-programming-course-main\\lessons\\lr7\\quiz-backend\\src\\routes\\questions.ts","statementMap":{"0":{"start":{"line":8,"column":15},"end":{"line":8,"column":null}},"1":{"start":{"line":9,"column":12},"end":{"line":9,"column":null}},"2":{"start":{"line":10,"column":19},"end":{"line":10,"column":null}},"3":{"start":{"line":13,"column":0},"end":{"line":81,"column":null}},"4":{"start":{"line":14,"column":4},"end":{"line":80,"column":null}},"5":{"start":{"line":16,"column":27},"end":{"line":16,"column":null}},"6":{"start":{"line":17,"column":8},"end":{"line":19,"column":null}},"7":{"start":{"line":18,"column":12},"end":{"line":18,"column":null}},"8":{"start":{"line":21,"column":22},"end":{"line":21,"column":null}},"9":{"start":{"line":22,"column":8},"end":{"line":26,"column":null}},"10":{"start":{"line":23,"column":12},"end":{"line":23,"column":null}},"11":{"start":{"line":25,"column":12},"end":{"line":25,"column":null}},"12":{"start":{"line":29,"column":35},"end":{"line":29,"column":null}},"13":{"start":{"line":31,"column":8},"end":{"line":46,"column":null}},"14":{"start":{"line":32,"column":12},"end":{"line":32,"column":null}},"15":{"start":{"line":35,"column":28},"end":{"line":35,"column":null}},"16":{"start":{"line":38,"column":12},"end":{"line":40,"column":null}},"17":{"start":{"line":39,"column":16},"end":{"line":39,"column":null}},"18":{"start":{"line":39,"column":50},"end":{"line":39,"column":75}},"19":{"start":{"line":41,"column":12},"end":{"line":43,"column":null}},"20":{"start":{"line":42,"column":16},"end":{"line":42,"column":null}},"21":{"start":{"line":42,"column":50},"end":{"line":42,"column":65}},"22":{"start":{"line":45,"column":12},"end":{"line":45,"column":null}},"23":{"start":{"line":49,"column":27},"end":{"line":49,"column":null}},"24":{"start":{"line":50,"column":8},"end":{"line":50,"column":null}},"25":{"start":{"line":50,"column":22},"end":{"line":50,"column":null}},"26":{"start":{"line":51,"column":8},"end":{"line":51,"column":null}},"27":{"start":{"line":51,"column":18},"end":{"line":51,"column":null}},"28":{"start":{"line":53,"column":26},"end":{"line":73,"column":null}},"29":{"start":{"line":75,"column":8},"end":{"line":75,"column":null}},"30":{"start":{"line":78,"column":8},"end":{"line":78,"column":null}},"31":{"start":{"line":79,"column":8},"end":{"line":79,"column":null}},"32":{"start":{"line":84,"column":0},"end":{"line":123,"column":null}},"33":{"start":{"line":85,"column":4},"end":{"line":121,"column":null}},"34":{"start":{"line":87,"column":27},"end":{"line":87,"column":null}},"35":{"start":{"line":88,"column":8},"end":{"line":88,"column":null}},"36":{"start":{"line":88,"column":62},"end":{"line":88,"column":null}},"37":{"start":{"line":90,"column":22},"end":{"line":90,"column":null}},"38":{"start":{"line":91,"column":8},"end":{"line":95,"column":null}},"39":{"start":{"line":92,"column":12},"end":{"line":92,"column":null}},"40":{"start":{"line":94,"column":12},"end":{"line":94,"column":null}},"41":{"start":{"line":97,"column":8},"end":{"line":101,"column":null}},"42":{"start":{"line":98,"column":12},"end":{"line":98,"column":null}},"43":{"start":{"line":99,"column":31},"end":{"line":99,"column":null}},"44":{"start":{"line":100,"column":12},"end":{"line":100,"column":null}},"45":{"start":{"line":104,"column":27},"end":{"line":116,"column":null}},"46":{"start":{"line":118,"column":8},"end":{"line":118,"column":null}},"47":{"start":{"line":121,"column":8},"end":{"line":121,"column":61}},"48":{"start":{"line":126,"column":0},"end":{"line":180,"column":null}},"49":{"start":{"line":127,"column":4},"end":{"line":179,"column":null}},"50":{"start":{"line":129,"column":27},"end":{"line":129,"column":null}},"51":{"start":{"line":130,"column":8},"end":{"line":130,"column":null}},"52":{"start":{"line":130,"column":62},"end":{"line":130,"column":null}},"53":{"start":{"line":132,"column":22},"end":{"line":132,"column":null}},"54":{"start":{"line":133,"column":8},"end":{"line":137,"column":null}},"55":{"start":{"line":134,"column":12},"end":{"line":134,"column":null}},"56":{"start":{"line":136,"column":12},"end":{"line":136,"column":null}},"57":{"start":{"line":139,"column":23},"end":{"line":139,"column":null}},"58":{"start":{"line":141,"column":8},"end":{"line":148,"column":null}},"59":{"start":{"line":142,"column":12},"end":{"line":142,"column":null}},"60":{"start":{"line":143,"column":29},"end":{"line":143,"column":null}},"61":{"start":{"line":145,"column":12},"end":{"line":145,"column":null}},"62":{"start":{"line":145,"column":27},"end":{"line":145,"column":null}},"63":{"start":{"line":147,"column":12},"end":{"line":147,"column":null}},"64":{"start":{"line":151,"column":25},"end":{"line":168,"column":null}},"65":{"start":{"line":170,"column":8},"end":{"line":172,"column":null}},"66":{"start":{"line":171,"column":12},"end":{"line":171,"column":null}},"67":{"start":{"line":174,"column":8},"end":{"line":174,"column":null}},"68":{"start":{"line":177,"column":8},"end":{"line":177,"column":null}},"69":{"start":{"line":178,"column":8},"end":{"line":178,"column":null}}},"fnMap":{"0":{"name":"(anonymous_0)","decl":{"start":{"line":13,"column":13},"end":{"line":13,"column":20}},"loc":{"start":{"line":13,"column":26},"end":{"line":81,"column":1}},"line":13},"1":{"name":"(anonymous_1)","decl":{"start":{"line":39,"column":45},"end":{"line":39,"column":50}},"loc":{"start":{"line":39,"column":50},"end":{"line":39,"column":75}},"line":39},"2":{"name":"(anonymous_2)","decl":{"start":{"line":42,"column":45},"end":{"line":42,"column":50}},"loc":{"start":{"line":42,"column":50},"end":{"line":42,"column":65}},"line":42},"3":{"name":"(anonymous_3)","decl":{"start":{"line":84,"column":23},"end":{"line":84,"column":30}},"loc":{"start":{"line":84,"column":36},"end":{"line":123,"column":1}},"line":84},"4":{"name":"(anonymous_4)","decl":{"start":{"line":126,"column":16},"end":{"line":126,"column":23}},"loc":{"start":{"line":126,"column":29},"end":{"line":180,"column":1}},"line":126}},"branchMap":{"0":{"loc":{"start":{"line":10,"column":19},"end":{"line":10,"column":null}},"type":"binary-expr","locations":[{"start":{"line":10,"column":19},"end":{"line":10,"column":45}},{"start":{"line":10,"column":45},"end":{"line":10,"column":null}}],"line":10},"1":{"loc":{"start":{"line":17,"column":8},"end":{"line":19,"column":null}},"type":"if","locations":[{"start":{"line":17,"column":8},"end":{"line":19,"column":null}},{"start":{},"end":{}}],"line":17},"2":{"loc":{"start":{"line":17,"column":12},"end":{"line":17,"column":62}},"type":"binary-expr","locations":[{"start":{"line":17,"column":12},"end":{"line":17,"column":27}},{"start":{"line":17,"column":27},"end":{"line":17,"column":62}}],"line":17},"3":{"loc":{"start":{"line":31,"column":8},"end":{"line":46,"column":null}},"type":"if","locations":[{"start":{"line":31,"column":8},"end":{"line":46,"column":null}},{"start":{},"end":{}}],"line":31},"4":{"loc":{"start":{"line":38,"column":12},"end":{"line":40,"column":null}},"type":"if","locations":[{"start":{"line":38,"column":12},"end":{"line":40,"column":null}},{"start":{},"end":{}}],"line":38},"5":{"loc":{"start":{"line":41,"column":12},"end":{"line":43,"column":null}},"type":"if","locations":[{"start":{"line":41,"column":12},"end":{"line":43,"column":null}},{"start":{},"end":{}}],"line":41},"6":{"loc":{"start":{"line":50,"column":8},"end":{"line":50,"column":null}},"type":"if","locations":[{"start":{"line":50,"column":8},"end":{"line":50,"column":null}},{"start":{},"end":{}}],"line":50},"7":{"loc":{"start":{"line":51,"column":8},"end":{"line":51,"column":null}},"type":"if","locations":[{"start":{"line":51,"column":8},"end":{"line":51,"column":null}},{"start":{},"end":{}}],"line":51},"8":{"loc":{"start":{"line":88,"column":8},"end":{"line":88,"column":null}},"type":"if","locations":[{"start":{"line":88,"column":8},"end":{"line":88,"column":null}},{"start":{},"end":{}}],"line":88},"9":{"loc":{"start":{"line":88,"column":12},"end":{"line":88,"column":62}},"type":"binary-expr","locations":[{"start":{"line":88,"column":12},"end":{"line":88,"column":27}},{"start":{"line":88,"column":27},"end":{"line":88,"column":62}}],"line":88},"10":{"loc":{"start":{"line":97,"column":8},"end":{"line":101,"column":null}},"type":"if","locations":[{"start":{"line":97,"column":8},"end":{"line":101,"column":null}},{"start":{},"end":{}}],"line":97},"11":{"loc":{"start":{"line":130,"column":8},"end":{"line":130,"column":null}},"type":"if","locations":[{"start":{"line":130,"column":8},"end":{"line":130,"column":null}},{"start":{},"end":{}}],"line":130},"12":{"loc":{"start":{"line":130,"column":12},"end":{"line":130,"column":62}},"type":"binary-expr","locations":[{"start":{"line":130,"column":12},"end":{"line":130,"column":27}},{"start":{"line":130,"column":27},"end":{"line":130,"column":62}}],"line":130},"13":{"loc":{"start":{"line":141,"column":8},"end":{"line":148,"column":null}},"type":"if","locations":[{"start":{"line":141,"column":8},"end":{"line":148,"column":null}},{"start":{},"end":{}}],"line":141},"14":{"loc":{"start":{"line":145,"column":12},"end":{"line":145,"column":null}},"type":"if","locations":[{"start":{"line":145,"column":12},"end":{"line":145,"column":null}},{"start":{},"end":{}}],"line":145},"15":{"loc":{"start":{"line":170,"column":8},"end":{"line":172,"column":null}},"type":"if","locations":[{"start":{"line":170,"column":8},"end":{"line":172,"column":null}},{"start":{},"end":{}}],"line":170}},"s":{"0":2,"1":2,"2":2,"3":2,"4":2,"5":2,"6":2,"7":1,"8":1,"9":1,"10":1,"11":0,"12":1,"13":1,"14":1,"15":1,"16":1,"17":0,"18":0,"19":1,"20":0,"21":0,"22":1,"23":0,"24":0,"25":0,"26":0,"27":0,"28":0,"29":0,"30":0,"31":0,"32":2,"33":0,"34":0,"35":0,"36":0,"37":0,"38":0,"39":0,"40":0,"41":0,"42":0,"43":0,"44":0,"45":0,"46":0,"47":0,"48":2,"49":0,"50":0,"51":0,"52":0,"53":0,"54":0,"55":0,"56":0,"57":0,"58":0,"59":0,"60":0,"61":0,"62":0,"63":0,"64":0,"65":0,"66":0,"67":0,"68":0,"69":0},"f":{"0":2,"1":0,"2":0,"3":0,"4":0},"b":{"0":[2,0],"1":[1,1],"2":[2,1],"3":[1,0],"4":[0,1],"5":[0,1],"6":[0,0],"7":[0,0],"8":[0,0],"9":[0,0],"10":[0,0],"11":[0,0],"12":[0,0],"13":[0,0],"14":[0,0],"15":[0,0]},"meta":{"lastBranch":16,"lastFunction":5,"lastStatement":70,"seen":{"s:8:15:8:Infinity":0,"s:9:12:9:Infinity":1,"s:10:19:10:Infinity":2,"b:10:19:10:45:10:45:10:Infinity":0,"s:13:0:81:Infinity":3,"f:13:13:13:20":0,"s:14:4:80:Infinity":4,"s:16:27:16:Infinity":5,"b:17:8:19:Infinity:undefined:undefined:undefined:undefined":1,"s:17:8:19:Infinity":6,"b:17:12:17:27:17:27:17:62":2,"s:18:12:18:Infinity":7,"s:21:22:21:Infinity":8,"s:22:8:26:Infinity":9,"s:23:12:23:Infinity":10,"s:25:12:25:Infinity":11,"s:29:35:29:Infinity":12,"b:31:8:46:Infinity:undefined:undefined:undefined:undefined":3,"s:31:8:46:Infinity":13,"s:32:12:32:Infinity":14,"s:35:28:35:Infinity":15,"b:38:12:40:Infinity:undefined:undefined:undefined:undefined":4,"s:38:12:40:Infinity":16,"s:39:16:39:Infinity":17,"f:39:45:39:50":1,"s:39:50:39:75":18,"b:41:12:43:Infinity:undefined:undefined:undefined:undefined":5,"s:41:12:43:Infinity":19,"s:42:16:42:Infinity":20,"f:42:45:42:50":2,"s:42:50:42:65":21,"s:45:12:45:Infinity":22,"s:49:27:49:Infinity":23,"b:50:8:50:Infinity:undefined:undefined:undefined:undefined":6,"s:50:8:50:Infinity":24,"s:50:22:50:Infinity":25,"b:51:8:51:Infinity:undefined:undefined:undefined:undefined":7,"s:51:8:51:Infinity":26,"s:51:18:51:Infinity":27,"s:53:26:73:Infinity":28,"s:75:8:75:Infinity":29,"s:78:8:78:Infinity":30,"s:79:8:79:Infinity":31,"s:84:0:123:Infinity":32,"f:84:23:84:30":3,"s:85:4:121:Infinity":33,"s:87:27:87:Infinity":34,"b:88:8:88:Infinity:undefined:undefined:undefined:undefined":8,"s:88:8:88:Infinity":35,"b:88:12:88:27:88:27:88:62":9,"s:88:62:88:Infinity":36,"s:90:22:90:Infinity":37,"s:91:8:95:Infinity":38,"s:92:12:92:Infinity":39,"s:94:12:94:Infinity":40,"b:97:8:101:Infinity:undefined:undefined:undefined:undefined":10,"s:97:8:101:Infinity":41,"s:98:12:98:Infinity":42,"s:99:31:99:Infinity":43,"s:100:12:100:Infinity":44,"s:104:27:116:Infinity":45,"s:118:8:118:Infinity":46,"s:121:8:121:61":47,"s:126:0:180:Infinity":48,"f:126:16:126:23":4,"s:127:4:179:Infinity":49,"s:129:27:129:Infinity":50,"b:130:8:130:Infinity:undefined:undefined:undefined:undefined":11,"s:130:8:130:Infinity":51,"b:130:12:130:27:130:27:130:62":12,"s:130:62:130:Infinity":52,"s:132:22:132:Infinity":53,"s:133:8:137:Infinity":54,"s:134:12:134:Infinity":55,"s:136:12:136:Infinity":56,"s:139:23:139:Infinity":57,"b:141:8:148:Infinity:undefined:undefined:undefined:undefined":13,"s:141:8:148:Infinity":58,"s:142:12:142:Infinity":59,"s:143:29:143:Infinity":60,"b:145:12:145:Infinity:undefined:undefined:undefined:undefined":14,"s:145:12:145:Infinity":61,"s:145:27:145:Infinity":62,"s:147:12:147:Infinity":63,"s:151:25:168:Infinity":64,"b:170:8:172:Infinity:undefined:undefined:undefined:undefined":15,"s:170:8:172:Infinity":65,"s:171:12:171:Infinity":66,"s:174:8:174:Infinity":67,"s:177:8:177:Infinity":68,"s:178:8:178:Infinity":69}}}
,"C:\\Users\\safro\\Documents\\4 курс 1 сем\\Песковацков\\web-programming-course-main\\web-programming-course-main\\lessons\\lr7\\quiz-backend\\src\\routes\\sessions.ts": {"path":"C:\\Users\\safro\\Documents\\4 курс 1 сем\\Песковацков\\web-programming-course-main\\web-programming-course-main\\lessons\\lr7\\quiz-backend\\src\\routes\\sessions.ts","statementMap":{"0":{"start":{"line":8,"column":15},"end":{"line":8,"column":null}},"1":{"start":{"line":9,"column":12},"end":{"line":9,"column":null}},"2":{"start":{"line":10,"column":19},"end":{"line":10,"column":null}},"3":{"start":{"line":13,"column":28},"end":{"line":15,"column":null}},"4":{"start":{"line":17,"column":21},"end":{"line":23,"column":null}},"5":{"start":{"line":27,"column":23},"end":{"line":27,"column":null}},"6":{"start":{"line":28,"column":4},"end":{"line":30,"column":null}},"7":{"start":{"line":29,"column":8},"end":{"line":29,"column":null}},"8":{"start":{"line":32,"column":18},"end":{"line":32,"column":null}},"9":{"start":{"line":33,"column":4},"end":{"line":38,"column":null}},"10":{"start":{"line":34,"column":24},"end":{"line":34,"column":null}},"11":{"start":{"line":35,"column":8},"end":{"line":35,"column":null}},"12":{"start":{"line":37,"column":8},"end":{"line":37,"column":null}},"13":{"start":{"line":42,"column":0},"end":{"line":79,"column":null}},"14":{"start":{"line":43,"column":4},"end":{"line":78,"column":null}},"15":{"start":{"line":45,"column":23},"end":{"line":45,"column":null}},"16":{"start":{"line":46,"column":8},"end":{"line":46,"column":null}},"17":{"start":{"line":46,"column":21},"end":{"line":46,"column":null}},"18":{"start":{"line":49,"column":21},"end":{"line":51,"column":null}},"19":{"start":{"line":53,"column":8},"end":{"line":53,"column":null}},"20":{"start":{"line":53,"column":19},"end":{"line":53,"column":null}},"21":{"start":{"line":56,"column":21},"end":{"line":56,"column":null}},"22":{"start":{"line":56,"column":53},"end":{"line":56,"column":56}},"23":{"start":{"line":59,"column":26},"end":{"line":59,"column":null}},"24":{"start":{"line":60,"column":30},"end":{"line":60,"column":null}},"25":{"start":{"line":61,"column":25},"end":{"line":61,"column":null}},"26":{"start":{"line":64,"column":31},"end":{"line":64,"column":null}},"27":{"start":{"line":66,"column":8},"end":{"line":74,"column":null}},"28":{"start":{"line":77,"column":8},"end":{"line":77,"column":null}},"29":{"start":{"line":82,"column":0},"end":{"line":134,"column":null}},"30":{"start":{"line":83,"column":4},"end":{"line":133,"column":null}},"31":{"start":{"line":85,"column":23},"end":{"line":85,"column":null}},"32":{"start":{"line":86,"column":8},"end":{"line":86,"column":null}},"33":{"start":{"line":86,"column":21},"end":{"line":86,"column":null}},"34":{"start":{"line":88,"column":23},"end":{"line":88,"column":null}},"35":{"start":{"line":89,"column":21},"end":{"line":89,"column":null}},"36":{"start":{"line":92,"column":38},"end":{"line":92,"column":null}},"37":{"start":{"line":95,"column":24},"end":{"line":98,"column":null}},"38":{"start":{"line":100,"column":8},"end":{"line":100,"column":null}},"39":{"start":{"line":100,"column":22},"end":{"line":100,"column":null}},"40":{"start":{"line":102,"column":8},"end":{"line":102,"column":null}},"41":{"start":{"line":102,"column":39},"end":{"line":102,"column":null}},"42":{"start":{"line":104,"column":8},"end":{"line":104,"column":null}},"43":{"start":{"line":104,"column":46},"end":{"line":104,"column":null}},"44":{"start":{"line":106,"column":8},"end":{"line":106,"column":null}},"45":{"start":{"line":106,"column":44},"end":{"line":106,"column":null}},"46":{"start":{"line":109,"column":23},"end":{"line":113,"column":null}},"47":{"start":{"line":116,"column":27},"end":{"line":118,"column":null}},"48":{"start":{"line":120,"column":8},"end":{"line":129,"column":null}},"49":{"start":{"line":132,"column":8},"end":{"line":132,"column":null}},"50":{"start":{"line":137,"column":0},"end":{"line":186,"column":null}},"51":{"start":{"line":138,"column":4},"end":{"line":185,"column":null}},"52":{"start":{"line":140,"column":23},"end":{"line":140,"column":null}},"53":{"start":{"line":141,"column":8},"end":{"line":141,"column":null}},"54":{"start":{"line":141,"column":21},"end":{"line":141,"column":null}},"55":{"start":{"line":143,"column":23},"end":{"line":143,"column":null}},"56":{"start":{"line":146,"column":24},"end":{"line":146,"column":null}},"57":{"start":{"line":149,"column":24},"end":{"line":169,"column":null}},"58":{"start":{"line":150,"column":29},"end":{"line":150,"column":null}},"59":{"start":{"line":152,"column":12},"end":{"line":158,"column":null}},"60":{"start":{"line":153,"column":16},"end":{"line":157,"column":null}},"61":{"start":{"line":154,"column":20},"end":{"line":154,"column":null}},"62":{"start":{"line":160,"column":12},"end":{"line":168,"column":null}},"63":{"start":{"line":171,"column":8},"end":{"line":181,"column":null}},"64":{"start":{"line":184,"column":8},"end":{"line":184,"column":null}},"65":{"start":{"line":189,"column":0},"end":{"line":223,"column":null}},"66":{"start":{"line":190,"column":4},"end":{"line":222,"column":null}},"67":{"start":{"line":192,"column":23},"end":{"line":192,"column":null}},"68":{"start":{"line":193,"column":8},"end":{"line":193,"column":null}},"69":{"start":{"line":193,"column":21},"end":{"line":193,"column":null}},"70":{"start":{"line":194,"column":23},"end":{"line":194,"column":null}},"71":{"start":{"line":197,"column":24},"end":{"line":200,"column":null}},"72":{"start":{"line":202,"column":8},"end":{"line":202,"column":null}},"73":{"start":{"line":202,"column":22},"end":{"line":202,"column":null}},"74":{"start":{"line":204,"column":8},"end":{"line":204,"column":null}},"75":{"start":{"line":204,"column":38},"end":{"line":204,"column":null}},"76":{"start":{"line":206,"column":8},"end":{"line":206,"column":null}},"77":{"start":{"line":206,"column":46},"end":{"line":206,"column":null}},"78":{"start":{"line":209,"column":33},"end":{"line":209,"column":null}},"79":{"start":{"line":211,"column":8},"end":{"line":218,"column":null}},"80":{"start":{"line":221,"column":8},"end":{"line":221,"column":null}}},"fnMap":{"0":{"name":"getUserIdFromToken","decl":{"start":{"line":26,"column":15},"end":{"line":26,"column":34}},"loc":{"start":{"line":26,"column":66},"end":{"line":39,"column":null}},"line":26},"1":{"name":"(anonymous_1)","decl":{"start":{"line":42,"column":14},"end":{"line":42,"column":21}},"loc":{"start":{"line":42,"column":27},"end":{"line":79,"column":1}},"line":42},"2":{"name":"(anonymous_2)","decl":{"start":{"line":56,"column":46},"end":{"line":56,"column":53}},"loc":{"start":{"line":56,"column":53},"end":{"line":56,"column":56}},"line":56},"3":{"name":"(anonymous_3)","decl":{"start":{"line":82,"column":25},"end":{"line":82,"column":32}},"loc":{"start":{"line":82,"column":38},"end":{"line":134,"column":1}},"line":82},"4":{"name":"(anonymous_4)","decl":{"start":{"line":137,"column":16},"end":{"line":137,"column":23}},"loc":{"start":{"line":137,"column":29},"end":{"line":186,"column":1}},"line":137},"5":{"name":"(anonymous_5)","decl":{"start":{"line":149,"column":44},"end":{"line":149,"column":54}},"loc":{"start":{"line":149,"column":54},"end":{"line":169,"column":9}},"line":149},"6":{"name":"(anonymous_6)","decl":{"start":{"line":189,"column":24},"end":{"line":189,"column":31}},"loc":{"start":{"line":189,"column":37},"end":{"line":223,"column":1}},"line":189}},"branchMap":{"0":{"loc":{"start":{"line":10,"column":19},"end":{"line":10,"column":null}},"type":"binary-expr","locations":[{"start":{"line":10,"column":19},"end":{"line":10,"column":45}},{"start":{"line":10,"column":45},"end":{"line":10,"column":null}}],"line":10},"1":{"loc":{"start":{"line":28,"column":4},"end":{"line":30,"column":null}},"type":"if","locations":[{"start":{"line":28,"column":4},"end":{"line":30,"column":null}},{"start":{},"end":{}}],"line":28},"2":{"loc":{"start":{"line":28,"column":8},"end":{"line":28,"column":58}},"type":"binary-expr","locations":[{"start":{"line":28,"column":8},"end":{"line":28,"column":23}},{"start":{"line":28,"column":23},"end":{"line":28,"column":58}}],"line":28},"3":{"loc":{"start":{"line":46,"column":8},"end":{"line":46,"column":null}},"type":"if","locations":[{"start":{"line":46,"column":8},"end":{"line":46,"column":null}},{"start":{},"end":{}}],"line":46},"4":{"loc":{"start":{"line":53,"column":8},"end":{"line":53,"column":null}},"type":"if","locations":[{"start":{"line":53,"column":8},"end":{"line":53,"column":null}},{"start":{},"end":{}}],"line":53},"5":{"loc":{"start":{"line":86,"column":8},"end":{"line":86,"column":null}},"type":"if","locations":[{"start":{"line":86,"column":8},"end":{"line":86,"column":null}},{"start":{},"end":{}}],"line":86},"6":{"loc":{"start":{"line":100,"column":8},"end":{"line":100,"column":null}},"type":"if","locations":[{"start":{"line":100,"column":8},"end":{"line":100,"column":null}},{"start":{},"end":{}}],"line":100},"7":{"loc":{"start":{"line":102,"column":8},"end":{"line":102,"column":null}},"type":"if","locations":[{"start":{"line":102,"column":8},"end":{"line":102,"column":null}},{"start":{},"end":{}}],"line":102},"8":{"loc":{"start":{"line":104,"column":8},"end":{"line":104,"column":null}},"type":"if","locations":[{"start":{"line":104,"column":8},"end":{"line":104,"column":null}},{"start":{},"end":{}}],"line":104},"9":{"loc":{"start":{"line":106,"column":8},"end":{"line":106,"column":null}},"type":"if","locations":[{"start":{"line":106,"column":8},"end":{"line":106,"column":null}},{"start":{},"end":{}}],"line":106},"10":{"loc":{"start":{"line":116,"column":27},"end":{"line":118,"column":null}},"type":"cond-expr","locations":[{"start":{"line":117,"column":14},"end":{"line":117,"column":null}},{"start":{"line":118,"column":14},"end":{"line":118,"column":null}}],"line":116},"11":{"loc":{"start":{"line":141,"column":8},"end":{"line":141,"column":null}},"type":"if","locations":[{"start":{"line":141,"column":8},"end":{"line":141,"column":null}},{"start":{},"end":{}}],"line":141},"12":{"loc":{"start":{"line":152,"column":12},"end":{"line":158,"column":null}},"type":"if","locations":[{"start":{"line":152,"column":12},"end":{"line":158,"column":null}},{"start":{},"end":{}}],"line":152},"13":{"loc":{"start":{"line":193,"column":8},"end":{"line":193,"column":null}},"type":"if","locations":[{"start":{"line":193,"column":8},"end":{"line":193,"column":null}},{"start":{},"end":{}}],"line":193},"14":{"loc":{"start":{"line":202,"column":8},"end":{"line":202,"column":null}},"type":"if","locations":[{"start":{"line":202,"column":8},"end":{"line":202,"column":null}},{"start":{},"end":{}}],"line":202},"15":{"loc":{"start":{"line":204,"column":8},"end":{"line":204,"column":null}},"type":"if","locations":[{"start":{"line":204,"column":8},"end":{"line":204,"column":null}},{"start":{},"end":{}}],"line":204},"16":{"loc":{"start":{"line":206,"column":8},"end":{"line":206,"column":null}},"type":"if","locations":[{"start":{"line":206,"column":8},"end":{"line":206,"column":null}},{"start":{},"end":{}}],"line":206}},"s":{"0":2,"1":2,"2":2,"3":2,"4":2,"5":1,"6":1,"7":0,"8":1,"9":1,"10":1,"11":1,"12":0,"13":2,"14":1,"15":1,"16":1,"17":0,"18":1,"19":1,"20":0,"21":1,"22":0,"23":1,"24":1,"25":1,"26":1,"27":1,"28":0,"29":2,"30":0,"31":0,"32":0,"33":0,"34":0,"35":0,"36":0,"37":0,"38":0,"39":0,"40":0,"41":0,"42":0,"43":0,"44":0,"45":0,"46":0,"47":0,"48":0,"49":0,"50":2,"51":0,"52":0,"53":0,"54":0,"55":0,"56":0,"57":0,"58":0,"59":0,"60":0,"61":0,"62":0,"63":0,"64":0,"65":2,"66":0,"67":0,"68":0,"69":0,"70":0,"71":0,"72":0,"73":0,"74":0,"75":0,"76":0,"77":0,"78":0,"79":0,"80":0},"f":{"0":1,"1":1,"2":0,"3":0,"4":0,"5":0,"6":0},"b":{"0":[2,0],"1":[0,1],"2":[1,1],"3":[0,1],"4":[0,1],"5":[0,0],"6":[0,0],"7":[0,0],"8":[0,0],"9":[0,0],"10":[0,0],"11":[0,0],"12":[0,0],"13":[0,0],"14":[0,0],"15":[0,0],"16":[0,0]},"meta":{"lastBranch":17,"lastFunction":7,"lastStatement":81,"seen":{"s:8:15:8:Infinity":0,"s:9:12:9:Infinity":1,"s:10:19:10:Infinity":2,"b:10:19:10:45:10:45:10:Infinity":0,"s:13:28:15:Infinity":3,"s:17:21:23:Infinity":4,"f:26:15:26:34":0,"s:27:23:27:Infinity":5,"b:28:4:30:Infinity:undefined:undefined:undefined:undefined":1,"s:28:4:30:Infinity":6,"b:28:8:28:23:28:23:28:58":2,"s:29:8:29:Infinity":7,"s:32:18:32:Infinity":8,"s:33:4:38:Infinity":9,"s:34:24:34:Infinity":10,"s:35:8:35:Infinity":11,"s:37:8:37:Infinity":12,"s:42:0:79:Infinity":13,"f:42:14:42:21":1,"s:43:4:78:Infinity":14,"s:45:23:45:Infinity":15,"b:46:8:46:Infinity:undefined:undefined:undefined:undefined":3,"s:46:8:46:Infinity":16,"s:46:21:46:Infinity":17,"s:49:21:51:Infinity":18,"b:53:8:53:Infinity:undefined:undefined:undefined:undefined":4,"s:53:8:53:Infinity":19,"s:53:19:53:Infinity":20,"s:56:21:56:Infinity":21,"f:56:46:56:53":2,"s:56:53:56:56":22,"s:59:26:59:Infinity":23,"s:60:30:60:Infinity":24,"s:61:25:61:Infinity":25,"s:64:31:64:Infinity":26,"s:66:8:74:Infinity":27,"s:77:8:77:Infinity":28,"s:82:0:134:Infinity":29,"f:82:25:82:32":3,"s:83:4:133:Infinity":30,"s:85:23:85:Infinity":31,"b:86:8:86:Infinity:undefined:undefined:undefined:undefined":5,"s:86:8:86:Infinity":32,"s:86:21:86:Infinity":33,"s:88:23:88:Infinity":34,"s:89:21:89:Infinity":35,"s:92:38:92:Infinity":36,"s:95:24:98:Infinity":37,"b:100:8:100:Infinity:undefined:undefined:undefined:undefined":6,"s:100:8:100:Infinity":38,"s:100:22:100:Infinity":39,"b:102:8:102:Infinity:undefined:undefined:undefined:undefined":7,"s:102:8:102:Infinity":40,"s:102:39:102:Infinity":41,"b:104:8:104:Infinity:undefined:undefined:undefined:undefined":8,"s:104:8:104:Infinity":42,"s:104:46:104:Infinity":43,"b:106:8:106:Infinity:undefined:undefined:undefined:undefined":9,"s:106:8:106:Infinity":44,"s:106:44:106:Infinity":45,"s:109:23:113:Infinity":46,"s:116:27:118:Infinity":47,"b:117:14:117:Infinity:118:14:118:Infinity":10,"s:120:8:129:Infinity":48,"s:132:8:132:Infinity":49,"s:137:0:186:Infinity":50,"f:137:16:137:23":4,"s:138:4:185:Infinity":51,"s:140:23:140:Infinity":52,"b:141:8:141:Infinity:undefined:undefined:undefined:undefined":11,"s:141:8:141:Infinity":53,"s:141:21:141:Infinity":54,"s:143:23:143:Infinity":55,"s:146:24:146:Infinity":56,"s:149:24:169:Infinity":57,"f:149:44:149:54":5,"s:150:29:150:Infinity":58,"b:152:12:158:Infinity:undefined:undefined:undefined:undefined":12,"s:152:12:158:Infinity":59,"s:153:16:157:Infinity":60,"s:154:20:154:Infinity":61,"s:160:12:168:Infinity":62,"s:171:8:181:Infinity":63,"s:184:8:184:Infinity":64,"s:189:0:223:Infinity":65,"f:189:24:189:31":6,"s:190:4:222:Infinity":66,"s:192:23:192:Infinity":67,"b:193:8:193:Infinity:undefined:undefined:undefined:undefined":13,"s:193:8:193:Infinity":68,"s:193:21:193:Infinity":69,"s:194:23:194:Infinity":70,"s:197:24:200:Infinity":71,"b:202:8:202:Infinity:undefined:undefined:undefined:undefined":14,"s:202:8:202:Infinity":72,"s:202:22:202:Infinity":73,"b:204:8:204:Infinity:undefined:undefined:undefined:undefined":15,"s:204:8:204:Infinity":74,"s:204:38:204:Infinity":75,"b:206:8:206:Infinity:undefined:undefined:undefined:undefined":16,"s:206:8:206:Infinity":76,"s:206:46:206:Infinity":77,"s:209:33:209:Infinity":78,"s:211:8:218:Infinity":79,"s:221:8:221:Infinity":80}}}
,"C:\\Users\\safro\\Documents\\4 курс 1 сем\\Песковацков\\web-programming-course-main\\web-programming-course-main\\lessons\\lr7\\quiz-backend\\src\\services\\mockDataService.ts": {"path":"C:\\Users\\safro\\Documents\\4 курс 1 сем\\Песковацков\\web-programming-course-main\\web-programming-course-main\\lessons\\lr7\\quiz-backend\\src\\services\\mockDataService.ts","statementMap":{"0":{"start":{"line":24,"column":8},"end":{"line":24,"column":null}},"1":{"start":{"line":28,"column":8},"end":{"line":28,"column":null}},"2":{"start":{"line":28,"column":40},"end":{"line":28,"column":51}},"3":{"start":{"line":34,"column":8},"end":{"line":34,"column":null}},"4":{"start":{"line":39,"column":8},"end":{"line":39,"column":null}},"5":{"start":{"line":43,"column":8},"end":{"line":43,"column":null}},"6":{"start":{"line":43,"column":39},"end":{"line":43,"column":50}},"7":{"start":{"line":47,"column":8},"end":{"line":47,"column":null}},"8":{"start":{"line":47,"column":50},"end":{"line":47,"column":61}},"9":{"start":{"line":52,"column":26},"end":{"line":52,"column":null}},"10":{"start":{"line":53,"column":8},"end":{"line":53,"column":null}},"11":{"start":{"line":55,"column":24},"end":{"line":64,"column":null}},"12":{"start":{"line":66,"column":8},"end":{"line":66,"column":null}},"13":{"start":{"line":67,"column":8},"end":{"line":67,"column":null}},"14":{"start":{"line":71,"column":24},"end":{"line":71,"column":null}},"15":{"start":{"line":71,"column":47},"end":{"line":71,"column":81}},"16":{"start":{"line":72,"column":8},"end":{"line":72,"column":null}},"17":{"start":{"line":72,"column":22},"end":{"line":72,"column":null}},"18":{"start":{"line":75,"column":24},"end":{"line":83,"column":null}},"19":{"start":{"line":76,"column":25},"end":{"line":76,"column":43}},"20":{"start":{"line":78,"column":33},"end":{"line":78,"column":null}},"21":{"start":{"line":78,"column":57},"end":{"line":78,"column":83}},"22":{"start":{"line":79,"column":16},"end":{"line":82,"column":null}},"23":{"start":{"line":85,"column":8},"end":{"line":85,"column":null}},"24":{"start":{"line":91,"column":24},"end":{"line":91,"column":null}},"25":{"start":{"line":91,"column":47},"end":{"line":91,"column":65}},"26":{"start":{"line":92,"column":8},"end":{"line":92,"column":null}},"27":{"start":{"line":92,"column":22},"end":{"line":92,"column":null}},"28":{"start":{"line":93,"column":8},"end":{"line":93,"column":null}},"29":{"start":{"line":93,"column":46},"end":{"line":93,"column":null}},"30":{"start":{"line":94,"column":8},"end":{"line":94,"column":null}},"31":{"start":{"line":94,"column":44},"end":{"line":94,"column":null}},"32":{"start":{"line":97,"column":25},"end":{"line":97,"column":null}},"33":{"start":{"line":97,"column":60},"end":{"line":97,"column":79}},"34":{"start":{"line":98,"column":8},"end":{"line":98,"column":null}},"35":{"start":{"line":98,"column":23},"end":{"line":98,"column":null}},"36":{"start":{"line":101,"column":36},"end":{"line":103,"column":null}},"37":{"start":{"line":102,"column":17},"end":{"line":102,"column":null}},"38":{"start":{"line":106,"column":20},"end":{"line":106,"column":null}},"39":{"start":{"line":107,"column":24},"end":{"line":107,"column":null}},"40":{"start":{"line":109,"column":8},"end":{"line":115,"column":null}},"41":{"start":{"line":110,"column":35},"end":{"line":110,"column":null}},"42":{"start":{"line":111,"column":35},"end":{"line":111,"column":null}},"43":{"start":{"line":113,"column":12},"end":{"line":113,"column":null}},"44":{"start":{"line":114,"column":12},"end":{"line":114,"column":null}},"45":{"start":{"line":117,"column":23},"end":{"line":125,"column":null}},"46":{"start":{"line":127,"column":8},"end":{"line":135,"column":null}},"47":{"start":{"line":129,"column":12},"end":{"line":129,"column":null}},"48":{"start":{"line":130,"column":12},"end":{"line":130,"column":null}},"49":{"start":{"line":133,"column":12},"end":{"line":133,"column":null}},"50":{"start":{"line":134,"column":12},"end":{"line":134,"column":null}},"51":{"start":{"line":139,"column":29},"end":{"line":139,"column":null}},"52":{"start":{"line":139,"column":57},"end":{"line":139,"column":75}},"53":{"start":{"line":140,"column":8},"end":{"line":140,"column":null}},"54":{"start":{"line":140,"column":33},"end":{"line":140,"column":null}},"55":{"start":{"line":142,"column":24},"end":{"line":142,"column":null}},"56":{"start":{"line":143,"column":8},"end":{"line":143,"column":null}},"57":{"start":{"line":143,"column":46},"end":{"line":143,"column":null}},"58":{"start":{"line":145,"column":24},"end":{"line":145,"column":null}},"59":{"start":{"line":145,"column":48},"end":{"line":145,"column":73}},"60":{"start":{"line":146,"column":28},"end":{"line":146,"column":null}},"61":{"start":{"line":146,"column":46},"end":{"line":146,"column":62}},"62":{"start":{"line":148,"column":8},"end":{"line":150,"column":null}},"63":{"start":{"line":149,"column":12},"end":{"line":149,"column":null}},"64":{"start":{"line":152,"column":27},"end":{"line":152,"column":null}},"65":{"start":{"line":152,"column":54},"end":{"line":152,"column":76}},"66":{"start":{"line":154,"column":8},"end":{"line":154,"column":null}},"67":{"start":{"line":155,"column":8},"end":{"line":155,"column":null}},"68":{"start":{"line":156,"column":8},"end":{"line":156,"column":null}},"69":{"start":{"line":158,"column":8},"end":{"line":158,"column":null}},"70":{"start":{"line":163,"column":34},"end":{"line":163,"column":null}},"71":{"start":{"line":163,"column":59},"end":{"line":163,"column":83}},"72":{"start":{"line":164,"column":25},"end":{"line":166,"column":null}},"73":{"start":{"line":165,"column":51},"end":{"line":165,"column":73}},"74":{"start":{"line":168,"column":8},"end":{"line":178,"column":null}},"75":{"start":{"line":173,"column":52},"end":{"line":173,"column":68}},"76":{"start":{"line":183,"column":8},"end":{"line":193,"column":null}},"77":{"start":{"line":184,"column":25},"end":{"line":184,"column":41}},"78":{"start":{"line":186,"column":33},"end":{"line":186,"column":null}},"79":{"start":{"line":186,"column":68},"end":{"line":186,"column":94}},"80":{"start":{"line":187,"column":32},"end":{"line":187,"column":null}},"81":{"start":{"line":187,"column":55},"end":{"line":187,"column":80}},"82":{"start":{"line":188,"column":16},"end":{"line":192,"column":null}},"83":{"start":{"line":197,"column":28},"end":{"line":197,"column":null}},"84":{"start":{"line":197,"column":55},"end":{"line":197,"column":72}},"85":{"start":{"line":198,"column":8},"end":{"line":198,"column":null}},"86":{"start":{"line":198,"column":32},"end":{"line":198,"column":null}},"87":{"start":{"line":200,"column":23},"end":{"line":200,"column":null}},"88":{"start":{"line":201,"column":25},"end":{"line":201,"column":null}},"89":{"start":{"line":201,"column":60},"end":{"line":201,"column":86}},"90":{"start":{"line":203,"column":8},"end":{"line":205,"column":null}},"91":{"start":{"line":204,"column":12},"end":{"line":204,"column":null}},"92":{"start":{"line":208,"column":23},"end":{"line":208,"column":null}},"93":{"start":{"line":209,"column":27},"end":{"line":209,"column":null}},"94":{"start":{"line":211,"column":8},"end":{"line":211,"column":null}},"95":{"start":{"line":212,"column":8},"end":{"line":212,"column":null}},"96":{"start":{"line":214,"column":8},"end":{"line":214,"column":null}},"97":{"start":{"line":218,"column":31},"end":{"line":218,"column":null}}},"fnMap":{"0":{"name":"(anonymous_0)","decl":{"start":{"line":23,"column":10},"end":{"line":23,"column":26}},"loc":{"start":{"line":23,"column":26},"end":{"line":25,"column":null}},"line":23},"1":{"name":"(anonymous_1)","decl":{"start":{"line":27,"column":10},"end":{"line":27,"column":26}},"loc":{"start":{"line":27,"column":38},"end":{"line":29,"column":null}},"line":27},"2":{"name":"(anonymous_2)","decl":{"start":{"line":28,"column":35},"end":{"line":28,"column":40}},"loc":{"start":{"line":28,"column":40},"end":{"line":28,"column":51}},"line":28},"3":{"name":"(anonymous_3)","decl":{"start":{"line":32,"column":10},"end":{"line":32,"column":25}},"loc":{"start":{"line":32,"column":25},"end":{"line":35,"column":null}},"line":32},"4":{"name":"(anonymous_4)","decl":{"start":{"line":37,"column":10},"end":{"line":37,"column":36}},"loc":{"start":{"line":37,"column":36},"end":{"line":40,"column":null}},"line":37},"5":{"name":"(anonymous_5)","decl":{"start":{"line":42,"column":10},"end":{"line":42,"column":26}},"loc":{"start":{"line":42,"column":38},"end":{"line":44,"column":null}},"line":42},"6":{"name":"(anonymous_6)","decl":{"start":{"line":43,"column":34},"end":{"line":43,"column":39}},"loc":{"start":{"line":43,"column":39},"end":{"line":43,"column":50}},"line":43},"7":{"name":"(anonymous_7)","decl":{"start":{"line":46,"column":10},"end":{"line":46,"column":37}},"loc":{"start":{"line":46,"column":49},"end":{"line":48,"column":null}},"line":46},"8":{"name":"(anonymous_8)","decl":{"start":{"line":47,"column":45},"end":{"line":47,"column":50}},"loc":{"start":{"line":47,"column":50},"end":{"line":47,"column":61}},"line":47},"9":{"name":"(anonymous_9)","decl":{"start":{"line":51,"column":10},"end":{"line":51,"column":24}},"loc":{"start":{"line":51,"column":67},"end":{"line":68,"column":null}},"line":51},"10":{"name":"(anonymous_10)","decl":{"start":{"line":70,"column":10},"end":{"line":70,"column":25}},"loc":{"start":{"line":70,"column":53},"end":{"line":86,"column":null}},"line":70},"11":{"name":"(anonymous_11)","decl":{"start":{"line":71,"column":42},"end":{"line":71,"column":47}},"loc":{"start":{"line":71,"column":47},"end":{"line":71,"column":81}},"line":71},"12":{"name":"(anonymous_12)","decl":{"start":{"line":76,"column":20},"end":{"line":76,"column":25}},"loc":{"start":{"line":76,"column":25},"end":{"line":76,"column":43}},"line":76},"13":{"name":"(anonymous_13)","decl":{"start":{"line":77,"column":17},"end":{"line":77,"column":27}},"loc":{"start":{"line":77,"column":27},"end":{"line":83,"column":13}},"line":77},"14":{"name":"(anonymous_14)","decl":{"start":{"line":78,"column":52
[...]
8":{"loc":{"start":{"line":36,"column":12},"end":{"line":36,"column":76}},"type":"binary-expr","locations":[{"start":{"line":36,"column":12},"end":{"line":36,"column":23}},{"start":{"line":36,"column":23},"end":{"line":36,"column":53}},{"start":{"line":36,"column":53},"end":{"line":36,"column":76}}],"line":36},"9":{"loc":{"start":{"line":40,"column":8},"end":{"line":40,"column":null}},"type":"if","locations":[{"start":{"line":40,"column":8},"end":{"line":40,"column":null}},{"start":{},"end":{}}],"line":40},"10":{"loc":{"start":{"line":42,"column":8},"end":{"line":44,"column":null}},"type":"if","locations":[{"start":{"line":42,"column":8},"end":{"line":44,"column":null}},{"start":{},"end":{}}],"line":42},"11":{"loc":{"start":{"line":69,"column":12},"end":{"line":71,"column":null}},"type":"if","locations":[{"start":{"line":69,"column":12},"end":{"line":71,"column":null}},{"start":{},"end":{}}],"line":69}},"s":{"0":7,"1":2,"2":5,"3":1,"4":4,"5":4,"6":4,"7":13,"8":8,"9":5,"10":4,"11":1,"12":6,"13":1,"14":5,"15":1,"16":4,"17":1,"18":3,"19":1,"20":2,"21":6,"22":2,"23":6,"24":2,"25":2,"26":1,"27":1,"28":1,"29":1,"30":3,"31":2,"32":1,"33":3,"34":1,"35":3,"36":2,"37":4},"f":{"0":7,"1":1,"2":6,"3":6,"4":6,"5":2,"6":1,"7":3,"8":3,"9":3,"10":2},"b":{"0":[2,5],"1":[7,6],"2":[1,4],"3":[5,5],"4":[8,5],"5":[1,5],"6":[6,5],"7":[1,4],"8":[5,4,4],"9":[1,3],"10":[1,2],"11":[2,1]},"meta":{"lastBranch":12,"lastFunction":11,"lastStatement":38,"seen":{"f:2:4:2:24":0,"b:4:8:6:Infinity:undefined:undefined:undefined:undefined":0,"s:4:8:6:Infinity":0,"b:4:12:4:46:4:46:4:78":1,"s:5:12:5:Infinity":1,"b:8:8:10:Infinity:undefined:undefined:undefined:undefined":2,"s:8:8:10:Infinity":2,"b:8:12:8:43:8:43:8:72":3,"s:9:12:9:Infinity":3,"s:12:20:12:Infinity":4,"s:14:37:14:Infinity":5,"s:16:8:22:Infinity":6,"b:17:12:21:Infinity:19:19:21:Infinity":4,"s:17:12:21:Infinity":7,"s:18:16:18:Infinity":8,"s:20:16:20:Infinity":9,"s:24:8:24:Infinity":10,"f:27:4:27:33":1,"s:28:8:28:Infinity":11,"f:31:4:31:15":2,"b:33:8:35:Infinity:undefined:undefined:undefined:undefined":5,"s:33:8:35:Infinity":12,"b:33:12:33:23:33:23:33:47":6,"s:34:12:34:Infinity":13,"b:36:8:38:Infinity:undefined:undefined:undefined:undefined":7,"s:36:8:38:Infinity":14,"b:36:12:36:23:36:23:36:53:36:53:36:76":8,"s:37:12:37:Infinity":15,"b:40:8:40:Infinity:undefined:undefined:undefined:undefined":9,"s:40:8:40:Infinity":16,"s:40:33:40:Infinity":17,"b:42:8:44:Infinity:undefined:undefined:undefined:undefined":10,"s:42:8:44:Infinity":18,"s:43:12:43:Infinity":19,"s:46:25:46:Infinity":20,"f:46:54:46:55":3,"s:46:68:46:79":21,"s:47:28:47:Infinity":22,"f:47:42:47:43":4,"s:47:56:47:67":23,"s:48:8:48:Infinity":24,"f:52:4:52:23":5,"s:53:8:53:Infinity":25,"f:57:4:57:24":6,"s:64:30:64:Infinity":26,"s:65:30:65:Infinity":27,"s:67:57:67:Infinity":28,"s:68:8:72:Infinity":29,"f:68:30:68:31":7,"b:69:12:71:Infinity:undefined:undefined:undefined:undefined":11,"s:69:12:71:Infinity":30,"s:70:16:70:Infinity":31,"s:74:32:74:Infinity":32,"f:74:53:74:54":8,"s:74:67:74:89":33,"s:76:8:82:Infinity":34,"f:78:51:78:52":9,"s:78:65:78:76":35,"f:79:40:79:41":10,"s:79:54:79:65":36,"s:85:30:85:Infinity":37}}}
,"C:\\Users\\safro\\Documents\\4 курс 1 сем\\Песковацков\\web-programming-course-main\\web-programming-course-main\\lessons\\lr7\\quiz-backend\\src\\services\\sessionService.ts": {"path":"C:\\Users\\safro\\Documents\\4 курс 1 сем\\Песковацков\\web-programming-course-main\\web-programming-course-main\\lessons\\lr7\\quiz-backend\\src\\services\\sessionService.ts","statementMap":{"0":{"start":{"line":9,"column":8},"end":{"line":9,"column":null}},"1":{"start":{"line":14,"column":26},"end":{"line":14,"column":null}},"2":{"start":{"line":15,"column":8},"end":{"line":15,"column":null}},"3":{"start":{"line":17,"column":24},"end":{"line":22,"column":null}},"4":{"start":{"line":24,"column":8},"end":{"line":24,"column":null}},"5":{"start":{"line":29,"column":8},"end":{"line":109,"column":null}},"6":{"start":{"line":31,"column":28},"end":{"line":33,"column":null}},"7":{"start":{"line":35,"column":12},"end":{"line":37,"column":null}},"8":{"start":{"line":36,"column":16},"end":{"line":36,"column":null}},"9":{"start":{"line":39,"column":12},"end":{"line":41,"column":null}},"10":{"start":{"line":40,"column":16},"end":{"line":40,"column":null}},"11":{"start":{"line":43,"column":12},"end":{"line":49,"column":null}},"12":{"start":{"line":44,"column":16},"end":{"line":47,"column":null}},"13":{"start":{"line":48,"column":16},"end":{"line":48,"column":null}},"14":{"start":{"line":52,"column":29},"end":{"line":54,"column":null}},"15":{"start":{"line":56,"column":12},"end":{"line":58,"column":null}},"16":{"start":{"line":57,"column":16},"end":{"line":57,"column":null}},"17":{"start":{"line":61,"column":39},"end":{"line":61,"column":null}},"18":{"start":{"line":62,"column":44},"end":{"line":62,"column":null}},"19":{"start":{"line":64,"column":12},"end":{"line":71,"column":null}},"20":{"start":{"line":65,"column":39},"end":{"line":67,"column":null}},"21":{"start":{"line":69,"column":16},"end":{"line":69,"column":null}},"22":{"start":{"line":70,"column":16},"end":{"line":70,"column":null}},"23":{"start":{"line":74,"column":35},"end":{"line":81,"column":null}},"24":{"start":{"line":83,"column":12},"end":{"line":108,"column":null}},"25":{"start":{"line":84,"column":16},"end":{"line":96,"column":null}},"26":{"start":{"line":99,"column":16},"end":{"line":107,"column":null}},"27":{"start":{"line":114,"column":8},"end":{"line":157,"column":null}},"28":{"start":{"line":115,"column":28},"end":{"line":125,"column":null}},"29":{"start":{"line":127,"column":12},"end":{"line":129,"column":null}},"30":{"start":{"line":128,"column":16},"end":{"line":128,"column":null}},"31":{"start":{"line":131,"column":39},"end":{"line":131,"column":null}},"32":{"start":{"line":131,"column":65},"end":{"line":131,"column":81}},"33":{"start":{"line":133,"column":12},"end":{"line":135,"column":null}},"34":{"start":{"line":134,"column":16},"end":{"line":134,"column":null}},"35":{"start":{"line":137,"column":31},"end":{"line":140,"column":null}},"36":{"start":{"line":138,"column":33},"end":{"line":138,"column":null}},"37":{"start":{"line":142,"column":12},"end":{"line":156,"column":null}},"38":{"start":{"line":162,"column":24},"end":{"line":187,"column":null}},"39":{"start":{"line":189,"column":8},"end":{"line":191,"column":null}},"40":{"start":{"line":190,"column":12},"end":{"line":190,"column":null}},"41":{"start":{"line":193,"column":8},"end":{"line":193,"column":null}},"42":{"start":{"line":198,"column":26},"end":{"line":207,"column":null}},"43":{"start":{"line":209,"column":8},"end":{"line":212,"column":null}},"44":{"start":{"line":209,"column":35},"end":{"line":212,"column":10}},"45":{"start":{"line":217,"column":30},"end":{"line":217,"column":null}}},"fnMap":{"0":{"name":"(anonymous_0)","decl":{"start":{"line":7,"column":4},"end":{"line":7,"column":16}},"loc":{"start":{"line":7,"column":45},"end":{"line":10,"column":null}},"line":7},"1":{"name":"(anonymous_1)","decl":{"start":{"line":13,"column":10},"end":{"line":13,"column":24}},"loc":{"start":{"line":13,"column":67},"end":{"line":25,"column":null}},"line":13},"2":{"name":"(anonymous_2)","decl":{"start":{"line":28,"column":10},"end":{"line":28,"column":23}},"loc":{"start":{"line":28,"column":79},"end":{"line":110,"column":null}},"line":28},"3":{"name":"(anonymous_3)","decl":{"start":{"line":29,"column":46},"end":{"line":29,"column":53}},"loc":{"start":{"line":29,"column":60},"end":{"line":109,"column":9}},"line":29},"4":{"name":"(anonymous_4)","decl":{"start":{"line":113,"column":10},"end":{"line":113,"column":24}},"loc":{"start":{"line":113,"column":43},"end":{"line":158,"column":null}},"line":113},"5":{"name":"(anonymous_5)","decl":{"start":{"line":114,"column":46},"end":{"line":114,"column":53}},"loc":{"start":{"line":114,"column":60},"end":{"line":157,"column":9}},"line":114},"6":{"name":"(anonymous_6)","decl":{"start":{"line":131,"column":60},"end":{"line":131,"column":65}},"loc":{"start":{"line":131,"column":65},"end":{"line":131,"column":81}},"line":131},"7":{"name":"(anonymous_7)","decl":{"start":{"line":138,"column":16},"end":{"line":138,"column":17}},"loc":{"start":{"line":138,"column":33},"end":{"line":138,"column":null}},"line":138},"8":{"name":"(anonymous_8)","decl":{"start":{"line":161,"column":10},"end":{"line":161,"column":21}},"loc":{"start":{"line":161,"column":56},"end":{"line":194,"column":null}},"line":161},"9":{"name":"(anonymous_9)","decl":{"start":{"line":197,"column":10},"end":{"line":197,"column":25}},"loc":{"start":{"line":197,"column":25},"end":{"line":213,"column":null}},"line":197},"10":{"name":"(anonymous_10)","decl":{"start":{"line":209,"column":29},"end":{"line":209,"column":35}},"loc":{"start":{"line":209,"column":35},"end":{"line":212,"column":10}},"line":209}},"branchMap":{"0":{"loc":{"start":{"line":9,"column":22},"end":{"line":9,"column":null}},"type":"binary-expr","locations":[{"start":{"line":9,"column":22},"end":{"line":9,"column":38}},{"start":{"line":9,"column":38},"end":{"line":9,"column":null}}],"line":9},"1":{"loc":{"start":{"line":13,"column":40},"end":{"line":13,"column":67}},"type":"default-arg","locations":[{"start":{"line":13,"column":64},"end":{"line":13,"column":67}}],"line":13},"2":{"loc":{"start":{"line":35,"column":12},"end":{"line":37,"column":null}},"type":"if","locations":[{"start":{"line":35,"column":12},"end":{"line":37,"column":null}},{"start":{},"end":{}}],"line":35},"3":{"loc":{"start":{"line":39,"column":12},"end":{"line":41,"column":null}},"type":"if","locations":[{"start":{"line":39,"column":12},"end":{"line":41,"column":null}},{"start":{},"end":{}}],"line":39},"4":{"loc":{"start":{"line":43,"column":12},"end":{"line":49,"column":null}},"type":"if","locations":[{"start":{"line":43,"column":12},"end":{"line":49,"column":null}},{"start":{},"end":{}}],"line":43},"5":{"loc":{"start":{"line":56,"column":12},"end":{"line":58,"column":null}},"type":"if","locations":[{"start":{"line":56,"column":12},"end":{"line":58,"column":null}},{"start":{},"end":{}}],"line":56},"6":{"loc":{"start":{"line":64,"column":12},"end":{"line":71,"column":null}},"type":"if","locations":[{"start":{"line":64,"column":12},"end":{"line":71,"column":null}},{"start":{},"end":{}}],"line":64},"7":{"loc":{"start":{"line":65,"column":39},"end":{"line":67,"column":null}},"type":"cond-expr","locations":[{"start":{"line":66,"column":23},"end":{"line":66,"column":null}},{"start":{"line":67,"column":22},"end":{"line":67,"column":null}}],"line":65},"8":{"loc":{"start":{"line":83,"column":12},"end":{"line":108,"column":null}},"type":"if","locations":[{"start":{"line":83,"column":12},"end":{"line":108,"column":null}},{"start":{"line":97,"column":19},"end":{"line":108,"column":null}}],"line":83},"9":{"loc":{"start":{"line":127,"column":12},"end":{"line":129,"column":null}},"type":"if","locations":[{"start":{"line":127,"column":12},"end":{"line":129,"column":null}},{"start":{},"end":{}}],"line":127},"10":{"loc":{"start":{"line":133,"column":12},"end":{"line":135,"column":null}},"type":"if","locations":[{"start":{"line":133,"column":12},"end":{"line":135,"column":null}},{"start":{},"end":{}}],"line":133},"11":{"loc":{"start":{"line":138,"column":40},"end":{"line":138,"column":null}},"type":"binary-expr","locations":[{"start":{"line":138,"column":40},"end":{"line":138,"column":56}},{"start":{"line":138,"column":56},"end":{"line":138,"column":null}}],"line":138},"12":{"loc":{"start":{"line":189,"column":8},"end":{"line":191,"column":null}},"type":"if","locations":[{"start":{"line":189,"column":8},"end":{"line":191,"column":null}},{"start":{},"end":{}}],"line":189}},"s":{"0":4,"1":2,"2":2,"3":2,"4":2,"5":0,"6":0,"7":0,"8":0,"9":0,"10":0,"11":0,"12":0,"13":0,"14":0,"15":0,"16":0,"17":0,"18":0,"19":0,"20":0,"21":0,"22":0,"23":0,"24":0,"25":0,"26":0,"27":0,"28":0,"29":0,"30":0,"31":0,"32":0,"33":0,"34":0,"35":0,"36":0,"37":0,"38":0,"39":0,"40":0,"41":0,"42":0,"43":0,"44":0,"45":3},"f":{"0":4,"1":2,"2":0,"3":0,"4":0,"5":0,"6":0,"7":0,"8":0,"9":0,"10":0},"b":{"0":[4,3],"1":[2],"2":[0,0],"3":[0,0],"4":[0,0],"5":[0,0],"6":[0,0],"7":[0,0],"8":[0,0],"9":[0,0],"10":[0,0],"11":[0,0],"12":[0,0]},"meta":{"lastBranch":13,"lastFunction":11,"lastStatement":46,"seen":{"f:7:4:7:16":0,"s:9:8:9:Infinity":0,"b:9:22:9:38:9:38:9:Infinity":0,"f:13:10:13:24":1,"b:13:64:13:67":1,"s:14:26:14:Infinity":1,"s:15:8:15:Infinity":2,"s:17:24:22:Infinity":3,"s:24:8:24:Infinity":4,"f:28:10:28:23":2,"s:29:8:109:Infinity":5,"f:29:46:29:53":3,"s:31:28:33:Infinity":6,"b:35:12:37:Infinity:undefined:undefined:undefined:undefined":2,"s:35:12:37:Infinity":7,"s:36:16:36:Infinity":8,"b:39:12:41:Infinity:undefined:undefined:undefined:undefined":3,"s:39:12:41:Infinity":9,"s:40:16:40:Infinity":10,"b:43:12:49:Infinity:undefined:undefined:undefined:undefined":4,"s:43:12:49:Infinity":11,"s:44:16:47:Infinity":12,"s:48:16:48:Infinity":13,"s:52:29:54:Infinity":14,"b:56:12:58:Infinity:undefined:undefined:undefined:undefined":5,"s:56:12:58:Infinity":15,"s:57:16:57:Infinity":16,"s:61:39:61:Infinity":17,"s:62:44:62:Infinity":18,"b:64:12:71:Infinity:undefined:undefined:undefined:undefined":6,"s:64:12:71:Infinity":19,"s:65:39:67:Infinity":20,"b:66:23:66:Infinity:67:22:67:Infinity":7,"s:69:16:69:Infinity":21,"s:70:16:70:Infinity":22,"s:74:35:81:Infinity":23,"b:83:12:108:Infinity:97:19:108:Infinity":8,"s:83:12:108:Infinity":24,"s:84:16:96:Infinity":25,"s:99:16:107:Infinity":26,"f:113:10:113:24":4,"s:114:8:157:Infinity":27,"f:114:46:114:53":5,"s:115:28:125:Infinity":28,"b:127:12:129:Infinity:undefined:undefined:undefined:undefined":9,"s:127:12:129:Infinity":29,"s:128:16:128:Infinity":30,"s:131:39:131:Infinity":31,"f:131:60:131:65":6,"s:131:65:131:81":32,"b:133:12:135:Infinity:undefined:undefined:undefined:undefined":10,"s:133:12:135:Infinity":33,"s:134:16:134:Infinity":34,"s:137:31:140:Infinity":35,"f:138:16:138:17":7,"s:138:33:138:Infinity":36,"b:138:40:138:56:138:56:138:Infinity":11,"s:142:12:156:Infinity":37,"f:161:10:161:21":8,"s:162:24:187:Infinity":38,"b:189:8:191:Infinity:undefined:undefined:undefined:undefined":12,"s:189:8:191:Infinity":39,"s:190:12:190:Infinity":40,"s:193:8:193:Infinity":41,"f:197:10:197:25":9,"s:198:26:207:Infinity":42,"s:209:8:212:Infinity":43,"f:209:29:209:35":10,"s:209:35:212:10":44,"s:217:30:217:Infinity":45}}}
,"C:\\Users\\safro\\Documents\\4 курс 1 сем\\Песковацков\\web-programming-course-main\\web-programming-course-main\\lessons\\lr7\\quiz-backend\\src\\utils\\errors.ts": {"path":"C:\\Users\\safro\\Documents\\4 курс 1 сем\\Песковацков\\web-programming-course-main\\web-programming-course-main\\lessons\\lr7\\quiz-backend\\src\\utils\\errors.ts","statementMap":{"0":{"start":{"line":9,"column":4},"end":{"line":9,"column":null}},"1":{"start":{"line":7,"column":11},"end":{"line":7,"column":28}},"2":{"start":{"line":10,"column":4},"end":{"line":10,"column":null}},"3":{"start":{"line":15,"column":2},"end":{"line":15,"column":null}},"4":{"start":{"line":17,"column":2},"end":{"line":22,"column":null}},"5":{"start":{"line":18,"column":4},"end":{"line":21,"column":null}},"6":{"start":{"line":24,"column":2},"end":{"line":26,"column":null}},"7":{"start":{"line":25,"column":4},"end":{"line":25,"column":null}},"8":{"start":{"line":29,"column":2},"end":{"line":29,"column":null}},"9":{"start":{"line":34,"column":2},"end":{"line":34,"column":null}},"10":{"start":{"line":38,"column":2},"end":{"line":38,"column":null}},"11":{"start":{"line":42,"column":2},"end":{"line":42,"column":null}},"12":{"start":{"line":46,"column":2},"end":{"line":46,"column":null}}},"fnMap":{"0":{"name":"(anonymous_0)","decl":{"start":{"line":5,"column":2},"end":{"line":5,"column":null}},"loc":{"start":{"line":8,"column":4},"end":{"line":11,"column":null}},"line":8},"1":{"name":"handleError","decl":{"start":{"line":14,"column":16},"end":{"line":14,"column":28}},"loc":{"start":{"line":14,"column":66},"end":{"line":30,"column":null}},"line":14},"2":{"name":"throwError","decl":{"start":{"line":33,"column":16},"end":{"line":33,"column":27}},"loc":{"start":{"line":33,"column":51},"end":{"line":35,"column":null}},"line":33},"3":{"name":"throwUnauthorized","decl":{"start":{"line":37,"column":16},"end":{"line":37,"column":34}},"loc":{"start":{"line":37,"column":77},"end":{"line":39,"column":null}},"line":37},"4":{"name":"throwForbidden","decl":{"start":{"line":41,"column":16},"end":{"line":41,"column":31}},"loc":{"start":{"line":41,"column":75},"end":{"line":43,"column":null}},"line":41},"5":{"name":"throwNotFound","decl":{"start":{"line":45,"column":16},"end":{"line":45,"column":30}},"loc":{"start":{"line":45,"column":75},"end":{"line":47,"column":null}},"line":45}},"branchMap":{"0":{"loc":{"start":{"line":7,"column":11},"end":{"line":7,"column":null}},"type":"default-arg","locations":[{"start":{"line":7,"column":28},"end":{"line":7,"column":null}}],"line":7},"1":{"loc":{"start":{"line":17,"column":2},"end":{"line":22,"column":null}},"type":"if","locations":[{"start":{"line":17,"column":2},"end":{"line":22,"column":null}},{"start":{},"end":{}}],"line":17},"2":{"loc":{"start":{"line":24,"column":2},"end":{"line":26,"column":null}},"type":"if","locations":[{"start":{"line":24,"column":2},"end":{"line":26,"column":null}},{"start":{},"end":{}}],"line":24},"3":{"loc":{"start":{"line":37,"column":34},"end":{"line":37,"column":77}},"type":"default-arg","locations":[{"start":{"line":37,"column":52},"end":{"line":37,"column":77}}],"line":37},"4":{"loc":{"start":{"line":41,"column":31},"end":{"line":41,"column":75}},"type":"default-arg","locations":[{"start":{"line":41,"column":49},"end":{"line":41,"column":75}}],"line":41},"5":{"loc":{"start":{"line":45,"column":30},"end":{"line":45,"column":75}},"type":"default-arg","locations":[{"start":{"line":45,"column":48},"end":{"line":45,"column":75}}],"line":45}},"s":{"0":0,"1":0,"2":0,"3":1,"4":1,"5":0,"6":1,"7":1,"8":0,"9":0,"10":0,"11":0,"12":0},"f":{"0":0,"1":1,"2":0,"3":0,"4":0,"5":0},"b":{"0":[0],"1":[0,1],"2":[1,0],"3":[0],"4":[0],"5":[0]},"meta":{"lastBranch":6,"lastFunction":6,"lastStatement":13,"seen":{"f:5:2:5:Infinity":0,"b:7:28:7:Infinity":0,"s:9:4:9:Infinity":0,"s:7:11:7:28":1,"s:10:4:10:Infinity":2,"f:14:16:14:28":1,"s:15:2:15:Infinity":3,"b:17:2:22:Infinity:undefined:undefined:undefined:undefined":1,"s:17:2:22:Infinity":4,"s:18:4:21:Infinity":5,"b:24:2:26:Infinity:undefined:undefined:undefined:undefined":2,"s:24:2:26:Infinity":6,"s:25:4:25:Infinity":7,"s:29:2:29:Infinity":8,"f:33:16:33:27":2,"s:34:2:34:Infinity":9,"f:37:16:37:34":3,"b:37:52:37:77":3,"s:38:2:38:Infinity":10,"f:41:16:41:31":4,"b:41:49:41:75":4,"s:42:2:42:Infinity":11,"f:45:16:45:30":5,"b:45:48:45:75":5,"s:46:2:46:Infinity":12}}}
,"C:\\Users\\safro\\Documents\\4 курс 1 сем\\Песковацков\\web-programming-course-main\\web-programming-course-main\\lessons\\lr7\\quiz-backend\\src\\utils\\validation.ts": {"path":"C:\\Users\\safro\\Documents\\4 курс 1 сем\\Песковацков\\web-programming-course-main\\web-programming-course-main\\lessons\\lr7\\quiz-backend\\src\\utils\\validation.ts","statementMap":{"0":{"start":{"line":4,"column":30},"end":{"line":6,"column":null}},"1":{"start":{"line":35,"column":35},"end":{"line":41,"column":null}},"2":{"start":{"line":46,"column":28},"end":{"line":52,"column":null}},"3":{"start":{"line":57,"column":27},"end":{"line":64,"column":null}},"4":{"start":{"line":69,"column":30},"end":{"line":80,"column":null}},"5":{"start":{"line":85,"column":36},"end":{"line":85,"column":null}},"6":{"start":{"line":89,"column":30},"end":{"line":97,"column":null}},"7":{"start":{"line":102,"column":32},"end":{"line":105,"column":null}}},"fnMap":{},"branchMap":{},"s":{"0":3,"1":3,"2":3,"3":3,"4":3,"5":3,"6":3,"7":3},"f":{},"b":{},"meta":{"lastBranch":0,"lastFunction":0,"lastStatement":8,"seen":{"s:4:30:6:Infinity":0,"s:35:35:41:Infinity":1,"s:46:28:52:Infinity":2,"s:57:27:64:Infinity":3,"s:69:30:80:Infinity":4,"s:85:36:85:Infinity":5,"s:89:30:97:Infinity":6,"s:102:32:105:Infinity":7}}}
}
